TN:
SF:lib\fileUtils.js
FN:14,(anonymous_0)
FN:21,(anonymous_1)
FN:33,(anonymous_2)
FN:51,(anonymous_3)
FN:81,(anonymous_4)
FN:83,(anonymous_5)
FN:175,(anonymous_6)
FN:199,(anonymous_7)
FN:224,(anonymous_8)
FN:249,(anonymous_9)
FN:269,(anonymous_10)
FN:293,(anonymous_11)
FN:317,(anonymous_12)
FN:341,(anonymous_13)
FN:377,(anonymous_14)
FN:410,(anonymous_15)
FN:436,(anonymous_16)
FN:456,(anonymous_17)
FN:476,(anonymous_18)
FNF:19
FNH:19
FNDA:63,(anonymous_0)
FNDA:57,(anonymous_1)
FNDA:52,(anonymous_2)
FNDA:12,(anonymous_3)
FNDA:9,(anonymous_4)
FNDA:7,(anonymous_5)
FNDA:3,(anonymous_6)
FNDA:10,(anonymous_7)
FNDA:5,(anonymous_8)
FNDA:3,(anonymous_9)
FNDA:3,(anonymous_10)
FNDA:3,(anonymous_11)
FNDA:6,(anonymous_12)
FNDA:7,(anonymous_13)
FNDA:6,(anonymous_14)
FNDA:4,(anonymous_15)
FNDA:3,(anonymous_16)
FNDA:2,(anonymous_17)
FNDA:2,(anonymous_18)
DA:6,3
DA:7,3
DA:8,3
DA:11,3
DA:15,63
DA:22,57
DA:23,57
DA:24,49
DA:26,8
DA:34,52
DA:35,52
DA:36,51
DA:37,47
DA:39,51
DA:41,1
DA:42,1
DA:44,1
DA:52,12
DA:54,12
DA:55,12
DA:58,12
DA:61,11
DA:62,1
DA:65,11
DA:66,10
DA:69,11
DA:71,1
DA:72,1
DA:74,1
DA:83,7
DA:89,9
DA:91,9
DA:93,9
DA:94,1
DA:98,8
DA:99,8
DA:100,1
DA:101,1
DA:103,1
DA:105,7
DA:108,7
DA:109,1
DA:113,6
DA:116,6
DA:118,6
DA:119,9
DA:120,9
DA:123,9
DA:124,1
DA:127,8
DA:129,8
DA:131,1
DA:136,1
DA:137,7
DA:139,7
DA:140,1
DA:141,1
DA:143,1
DA:147,6
DA:150,6
DA:151,1
DA:157,6
DA:159,6
DA:160,6
DA:163,6
DA:165,2
DA:166,2
DA:168,2
DA:176,3
DA:178,3
DA:179,3
DA:181,3
DA:183,2
DA:184,1
DA:187,2
DA:189,1
DA:190,1
DA:192,1
DA:200,10
DA:201,10
DA:203,8
DA:204,7
DA:207,8
DA:209,2
DA:211,1
DA:214,1
DA:215,1
DA:217,1
DA:225,5
DA:226,5
DA:228,3
DA:229,2
DA:232,3
DA:234,2
DA:236,1
DA:239,1
DA:240,1
DA:242,1
DA:250,3
DA:251,3
DA:253,2
DA:254,2
DA:257,2
DA:259,1
DA:260,1
DA:262,1
DA:270,3
DA:272,3
DA:273,3
DA:275,3
DA:277,2
DA:278,2
DA:281,2
DA:283,1
DA:284,1
DA:286,1
DA:294,3
DA:296,3
DA:297,3
DA:299,3
DA:301,2
DA:302,2
DA:305,2
DA:307,1
DA:308,1
DA:310,1
DA:318,6
DA:319,6
DA:321,5
DA:331,1
DA:332,1
DA:334,1
DA:342,7
DA:344,7
DA:345,7
DA:346,4
DA:348,4
DA:349,7
DA:350,7
DA:352,7
DA:353,4
DA:356,7
DA:359,7
DA:360,1
DA:361,1
DA:365,4
DA:367,3
DA:368,3
DA:370,3
DA:378,6
DA:379,6
DA:381,6
DA:382,6
DA:384,5
DA:385,10
DA:386,9
DA:387,9
DA:389,9
DA:390,6
DA:392,1
DA:393,1
DA:394,1
DA:398,5
DA:400,1
DA:401,1
DA:403,1
DA:411,4
DA:413,4
DA:414,4
DA:416,3
DA:417,5
DA:418,4
DA:419,1
DA:420,1
DA:424,3
DA:426,1
DA:427,1
DA:429,1
DA:437,3
DA:438,3
DA:440,2
DA:441,2
DA:444,2
DA:446,1
DA:447,1
DA:449,1
DA:457,2
DA:458,2
DA:460,1
DA:461,1
DA:464,1
DA:466,1
DA:467,1
DA:469,1
DA:477,2
DA:479,2
DA:480,2
DA:482,2
DA:484,1
DA:485,1
DA:488,1
DA:490,1
DA:491,1
DA:493,1
DA:498,3
LF:205
LH:205
BRDA:14,0,0,3
BRDA:15,1,0,63
BRDA:15,1,1,3
BRDA:36,2,0,47
BRDA:36,2,1,4
BRDA:41,3,0,1
BRDA:41,3,1,0
BRDA:51,4,0,11
BRDA:61,5,0,1
BRDA:61,5,1,10
BRDA:65,6,0,10
BRDA:65,6,1,1
BRDA:71,7,0,1
BRDA:71,7,1,0
BRDA:81,8,0,3
BRDA:83,9,0,8
BRDA:84,10,0,8
BRDA:85,11,0,8
BRDA:86,12,0,7
BRDA:87,13,0,7
BRDA:88,14,0,8
BRDA:93,15,0,1
BRDA:93,15,1,8
BRDA:99,16,0,1
BRDA:99,16,1,7
BRDA:100,17,0,1
BRDA:100,17,1,0
BRDA:108,18,0,1
BRDA:108,18,1,6
BRDA:123,19,0,1
BRDA:123,19,1,8
BRDA:129,20,0,1
BRDA:129,20,1,7
BRDA:137,21,0,7
BRDA:137,21,1,0
BRDA:139,22,0,1
BRDA:139,22,1,6
BRDA:139,23,0,7
BRDA:139,23,1,1
BRDA:140,24,0,1
BRDA:140,24,1,0
BRDA:150,25,0,1
BRDA:150,25,1,5
BRDA:159,26,0,6
BRDA:159,26,1,0
BRDA:165,27,0,2
BRDA:165,27,1,0
BRDA:183,28,0,1
BRDA:183,28,1,1
BRDA:189,29,0,1
BRDA:189,29,1,0
BRDA:203,30,0,7
BRDA:203,30,1,1
BRDA:209,31,0,1
BRDA:209,31,1,1
BRDA:214,32,0,1
BRDA:214,32,1,0
BRDA:228,33,0,2
BRDA:228,33,1,1
BRDA:234,34,0,1
BRDA:234,34,1,1
BRDA:239,35,0,1
BRDA:239,35,1,0
BRDA:249,36,0,2
BRDA:253,37,0,2
BRDA:253,37,1,0
BRDA:259,38,0,1
BRDA:259,38,1,0
BRDA:269,39,0,2
BRDA:277,40,0,2
BRDA:277,40,1,0
BRDA:283,41,0,1
BRDA:283,41,1,0
BRDA:293,42,0,2
BRDA:301,43,0,2
BRDA:301,43,1,0
BRDA:307,44,0,1
BRDA:307,44,1,0
BRDA:331,45,0,1
BRDA:331,45,1,0
BRDA:341,46,0,2
BRDA:342,47,0,5
BRDA:342,48,0,2
BRDA:352,49,0,4
BRDA:352,49,1,3
BRDA:359,50,0,1
BRDA:359,50,1,6
BRDA:359,51,0,7
BRDA:359,51,1,3
BRDA:359,51,2,3
BRDA:367,52,0,3
BRDA:367,52,1,0
BRDA:377,53,0,3
BRDA:378,54,0,4
BRDA:378,55,0,5
BRDA:385,56,0,9
BRDA:385,56,1,1
BRDA:386,57,0,2
BRDA:386,57,1,7
BRDA:387,58,0,2
BRDA:387,58,1,7
BRDA:389,59,0,6
BRDA:389,59,1,3
BRDA:392,60,0,1
BRDA:392,60,1,0
BRDA:392,61,0,1
BRDA:392,61,1,1
BRDA:400,62,0,1
BRDA:400,62,1,0
BRDA:417,63,0,4
BRDA:417,63,1,1
BRDA:419,64,0,1
BRDA:419,64,1,0
BRDA:426,65,0,1
BRDA:426,65,1,0
BRDA:436,66,0,2
BRDA:440,67,0,2
BRDA:440,67,1,0
BRDA:446,68,0,1
BRDA:446,68,1,0
BRDA:460,69,0,1
BRDA:460,69,1,0
BRDA:466,70,0,1
BRDA:466,70,1,0
BRDA:484,71,0,1
BRDA:484,71,1,0
BRDA:490,72,0,1
BRDA:490,72,1,0
BRF:128
BRH:100
end_of_record
TN:
SF:lib\logger.js
FN:9,(anonymous_0)
FN:18,(anonymous_1)
FN:25,(anonymous_2)
FN:36,(anonymous_3)
FN:56,(anonymous_4)
FN:65,(anonymous_5)
FN:74,(anonymous_6)
FN:83,(anonymous_7)
FN:92,(anonymous_8)
FN:101,(anonymous_9)
FN:110,(anonymous_10)
FN:120,(anonymous_11)
FN:132,(anonymous_12)
FN:144,(anonymous_13)
FN:151,(anonymous_14)
FN:160,(anonymous_15)
FN:168,(anonymous_16)
FN:178,(anonymous_17)
FN:189,(anonymous_18)
FN:224,(anonymous_19)
FN:233,(anonymous_20)
FN:242,(anonymous_21)
FN:249,(anonymous_22)
FN:256,(anonymous_23)
FN:263,(anonymous_24)
FN:270,(anonymous_25)
FNF:26
FNH:26
FNDA:39,(anonymous_0)
FNDA:12,(anonymous_1)
FNDA:12,(anonymous_2)
FNDA:13,(anonymous_3)
FNDA:8,(anonymous_4)
FNDA:4,(anonymous_5)
FNDA:8,(anonymous_6)
FNDA:13,(anonymous_7)
FNDA:48,(anonymous_8)
FNDA:2,(anonymous_9)
FNDA:2,(anonymous_10)
FNDA:20,(anonymous_11)
FNDA:1,(anonymous_12)
FNDA:3,(anonymous_13)
FNDA:5,(anonymous_14)
FNDA:7,(anonymous_15)
FNDA:2,(anonymous_16)
FNDA:11,(anonymous_17)
FNDA:57,(anonymous_18)
FNDA:1,(anonymous_19)
FNDA:1,(anonymous_20)
FNDA:4,(anonymous_21)
FNDA:1,(anonymous_22)
FNDA:4,(anonymous_23)
FNDA:2,(anonymous_24)
FNDA:3,(anonymous_25)
DA:6,3
DA:10,39
DA:11,39
DA:12,39
DA:19,12
DA:26,12
DA:27,12
DA:28,12
DA:30,12
DA:37,13
DA:39,4
DA:41,2
DA:43,2
DA:45,2
DA:47,2
DA:49,1
DA:57,8
DA:58,4
DA:66,4
DA:67,2
DA:75,8
DA:76,2
DA:84,13
DA:85,2
DA:93,48
DA:94,2
DA:102,2
DA:103,1
DA:111,2
DA:112,2
DA:113,2
DA:121,20
DA:122,1
DA:123,1
DA:124,1
DA:125,1
DA:133,1
DA:134,1
DA:135,1
DA:136,1
DA:137,1
DA:145,3
DA:147,2
DA:148,2
DA:149,2
DA:151,2
DA:152,5
DA:153,5
DA:161,7
DA:163,1
DA:164,1
DA:165,1
DA:166,1
DA:168,1
DA:169,2
DA:170,2
DA:171,2
DA:179,11
DA:180,1
DA:181,1
DA:182,1
DA:190,57
DA:195,5
DA:197,1
DA:198,1
DA:199,1
DA:201,1
DA:202,1
DA:203,1
DA:205,1
DA:206,1
DA:207,1
DA:209,1
DA:210,1
DA:211,1
DA:213,1
DA:214,1
DA:217,5
DA:218,5
DA:225,1
DA:226,1
DA:234,1
DA:235,1
DA:243,4
DA:250,1
DA:257,4
DA:264,2
DA:271,3
DA:280,3
LF:89
LH:89
BRDA:9,0,0,33
BRDA:10,1,0,39
BRDA:10,1,1,37
BRDA:10,1,2,36
BRDA:11,2,0,39
BRDA:11,2,1,35
BRDA:12,3,0,39
BRDA:12,3,1,35
BRDA:37,4,0,4
BRDA:37,4,1,2
BRDA:37,4,2,2
BRDA:37,4,3,2
BRDA:37,4,4,2
BRDA:37,4,5,1
BRDA:57,5,0,4
BRDA:57,5,1,4
BRDA:66,6,0,2
BRDA:66,6,1,2
BRDA:75,7,0,2
BRDA:75,7,1,6
BRDA:84,8,0,2
BRDA:84,8,1,11
BRDA:93,9,0,2
BRDA:93,9,1,46
BRDA:93,10,0,48
BRDA:93,10,1,2
BRDA:102,11,0,1
BRDA:102,11,1,1
BRDA:110,12,0,0
BRDA:111,13,0,2
BRDA:111,13,1,0
BRDA:112,14,0,1
BRDA:112,14,1,1
BRDA:121,15,0,1
BRDA:121,15,1,19
BRDA:133,16,0,1
BRDA:133,16,1,0
BRDA:144,17,0,2
BRDA:145,18,0,1
BRDA:145,18,1,2
BRDA:147,19,0,2
BRDA:147,19,1,1
BRDA:148,20,0,2
BRDA:148,20,1,2
BRDA:149,21,0,2
BRDA:149,21,1,1
BRDA:152,22,0,5
BRDA:152,22,1,0
BRDA:160,23,0,7
BRDA:161,24,0,6
BRDA:161,24,1,1
BRDA:163,25,0,1
BRDA:163,25,1,1
BRDA:164,26,0,1
BRDA:164,26,1,1
BRDA:165,27,0,1
BRDA:165,27,1,1
BRDA:166,28,0,1
BRDA:166,28,1,1
BRDA:169,29,0,2
BRDA:169,29,1,0
BRDA:170,30,0,2
BRDA:170,30,1,0
BRDA:179,31,0,1
BRDA:179,31,1,10
BRDA:189,32,0,0
BRDA:190,33,0,52
BRDA:190,33,1,5
BRDA:195,34,0,1
BRDA:195,34,1,1
BRDA:195,34,2,1
BRDA:195,34,3,1
BRDA:195,34,4,1
BRDA:217,35,0,5
BRDA:217,35,1,0
BRDA:225,36,0,1
BRDA:225,36,1,0
BRDA:234,37,0,1
BRDA:234,37,1,0
BRDA:270,38,0,2
BRF:80
BRH:70
end_of_record
TN:
SF:lib\spawnManager.js
FN:15,(anonymous_0)
FN:24,(anonymous_1)
FN:34,(anonymous_2)
FN:53,(anonymous_3)
FN:61,(anonymous_4)
FN:68,(anonymous_5)
FN:74,(anonymous_6)
FN:96,(anonymous_7)
FN:113,(anonymous_8)
FN:123,(anonymous_9)
FN:141,(anonymous_10)
FN:148,(anonymous_11)
FN:158,(anonymous_12)
FN:168,(anonymous_13)
FN:190,(anonymous_14)
FN:207,(anonymous_15)
FN:221,(anonymous_16)
FN:235,(anonymous_17)
FN:274,(anonymous_18)
FN:290,(anonymous_19)
FN:301,(anonymous_20)
FN:332,(anonymous_21)
FN:367,(anonymous_22)
FN:372,(anonymous_23)
FN:383,(anonymous_24)
FN:393,(anonymous_25)
FN:398,(anonymous_26)
FN:409,(anonymous_27)
FN:447,(anonymous_28)
FN:458,(anonymous_29)
FN:482,(anonymous_30)
FN:517,(anonymous_31)
FNF:32
FNH:27
FNDA:68,(anonymous_0)
FNDA:24,(anonymous_1)
FNDA:24,(anonymous_2)
FNDA:2,(anonymous_3)
FNDA:8,(anonymous_4)
FNDA:7,(anonymous_5)
FNDA:21,(anonymous_6)
FNDA:4,(anonymous_7)
FNDA:4,(anonymous_8)
FNDA:4,(anonymous_9)
FNDA:1,(anonymous_10)
FNDA:2,(anonymous_11)
FNDA:2,(anonymous_12)
FNDA:2,(anonymous_13)
FNDA:1,(anonymous_14)
FNDA:2,(anonymous_15)
FNDA:1,(anonymous_16)
FNDA:3,(anonymous_17)
FNDA:3,(anonymous_18)
FNDA:2,(anonymous_19)
FNDA:2,(anonymous_20)
FNDA:6,(anonymous_21)
FNDA:0,(anonymous_22)
FNDA:0,(anonymous_23)
FNDA:2,(anonymous_24)
FNDA:0,(anonymous_25)
FNDA:0,(anonymous_26)
FNDA:3,(anonymous_27)
FNDA:0,(anonymous_28)
FNDA:3,(anonymous_29)
FNDA:4,(anonymous_30)
FNDA:3,(anonymous_31)
DA:6,3
DA:7,3
DA:8,3
DA:9,3
DA:11,3
DA:12,3
DA:16,68
DA:17,68
DA:18,68
DA:32,24
DA:34,24
DA:35,24
DA:36,23
DA:39,24
DA:47,24
DA:48,24
DA:52,24
DA:53,23
DA:54,2
DA:55,2
DA:60,24
DA:61,23
DA:62,8
DA:67,24
DA:68,23
DA:69,7
DA:74,24
DA:75,21
DA:76,20
DA:79,21
DA:80,20
DA:83,21
DA:84,16
DA:91,5
DA:96,24
DA:97,4
DA:98,4
DA:101,4
DA:102,4
DA:105,4
DA:121,4
DA:123,4
DA:124,4
DA:125,4
DA:128,4
DA:135,4
DA:136,4
DA:140,4
DA:141,4
DA:142,1
DA:143,1
DA:148,4
DA:149,2
DA:150,2
DA:152,2
DA:153,2
DA:158,4
DA:159,2
DA:160,2
DA:162,2
DA:163,1
DA:168,4
DA:169,2
DA:170,2
DA:173,2
DA:174,2
DA:177,2
DA:178,1
DA:185,1
DA:190,4
DA:191,1
DA:192,1
DA:195,1
DA:196,1
DA:199,1
DA:208,2
DA:209,2
DA:211,2
DA:212,2
DA:215,2
DA:222,1
DA:223,1
DA:225,1
DA:226,1
DA:229,1
DA:241,3
DA:243,3
DA:244,3
DA:247,3
DA:248,3
DA:255,2
DA:256,2
DA:259,2
DA:264,1
DA:265,1
DA:267,1
DA:275,3
DA:279,3
DA:280,3
DA:281,2
DA:283,1
DA:291,2
DA:292,1
DA:294,1
DA:302,2
DA:304,2
DA:305,2
DA:307,1
DA:308,1
DA:311,1
DA:317,1
DA:318,1
DA:321,1
DA:338,6
DA:340,6
DA:341,6
DA:343,6
DA:344,1
DA:347,6
DA:348,1
DA:351,6
DA:352,1
DA:353,5
DA:354,4
DA:356,1
DA:359,6
DA:361,6
DA:362,6
DA:365,6
DA:368,0
DA:369,0
DA:373,0
DA:374,0
DA:384,2
DA:385,2
DA:387,2
DA:388,2
DA:391,2
DA:394,0
DA:395,0
DA:399,0
DA:400,0
DA:414,3
DA:419,3
DA:420,1
DA:421,1
DA:423,1
DA:424,1
DA:427,1
DA:428,2
DA:429,1
DA:430,1
DA:432,1
DA:433,1
DA:436,1
DA:438,1
DA:441,2
DA:442,2
DA:445,2
DA:448,0
DA:449,0
DA:459,3
DA:460,3
DA:464,3
DA:465,3
DA:468,3
DA:469,3
DA:470,2
DA:472,1
DA:473,1
DA:475,1
DA:483,4
DA:494,4
DA:495,4
DA:496,1
DA:498,3
DA:499,1
DA:501,2
DA:502,2
DA:506,1
DA:507,1
DA:511,4
DA:518,3
DA:527,3
LF:184
LH:174
BRDA:15,0,0,2
BRDA:16,1,0,68
BRDA:16,1,1,2
BRDA:17,2,0,68
BRDA:17,2,1,63
BRDA:18,3,0,68
BRDA:18,3,1,64
BRDA:24,4,0,1
BRDA:24,5,0,12
BRDA:26,6,0,22
BRDA:27,7,0,23
BRDA:28,8,0,13
BRDA:29,9,0,23
BRDA:30,10,0,23
BRDA:31,11,0,23
BRDA:35,12,0,23
BRDA:35,12,1,1
BRDA:52,13,0,23
BRDA:52,13,1,1
BRDA:60,14,0,23
BRDA:60,14,1,1
BRDA:67,15,0,23
BRDA:67,15,1,1
BRDA:75,16,0,20
BRDA:75,16,1,1
BRDA:79,17,0,20
BRDA:79,17,1,1
BRDA:83,18,0,16
BRDA:83,18,1,5
BRDA:83,19,0,21
BRDA:83,19,1,7
BRDA:83,19,2,2
BRDA:91,20,0,5
BRDA:91,20,1,2
BRDA:91,20,2,2
BRDA:97,21,0,4
BRDA:97,21,1,0
BRDA:101,22,0,4
BRDA:101,22,1,0
BRDA:113,23,0,0
BRDA:113,24,0,2
BRDA:115,25,0,4
BRDA:116,26,0,4
BRDA:117,27,0,3
BRDA:118,28,0,3
BRDA:119,29,0,3
BRDA:120,30,0,4
BRDA:124,31,0,4
BRDA:124,31,1,0
BRDA:140,32,0,4
BRDA:140,32,1,0
BRDA:152,33,0,2
BRDA:152,33,1,0
BRDA:162,34,0,1
BRDA:162,34,1,1
BRDA:169,35,0,2
BRDA:169,35,1,0
BRDA:173,36,0,2
BRDA:173,36,1,0
BRDA:177,37,0,1
BRDA:177,37,1,1
BRDA:177,38,0,2
BRDA:177,38,1,1
BRDA:177,38,2,0
BRDA:185,39,0,1
BRDA:185,39,1,0
BRDA:185,39,2,0
BRDA:191,40,0,1
BRDA:191,40,1,0
BRDA:195,41,0,1
BRDA:195,41,1,0
BRDA:207,42,0,0
BRDA:207,43,0,1
BRDA:211,44,0,2
BRDA:211,44,1,0
BRDA:221,45,0,0
BRDA:221,46,0,1
BRDA:225,47,0,1
BRDA:225,47,1,0
BRDA:235,48,0,2
BRDA:237,49,0,2
BRDA:238,50,0,3
BRDA:239,51,0,2
BRDA:240,52,0,3
BRDA:243,53,0,3
BRDA:243,53,1,0
BRDA:255,54,0,2
BRDA:255,54,1,0
BRDA:264,55,0,1
BRDA:264,55,1,0
BRDA:275,56,0,1
BRDA:275,56,1,2
BRDA:291,57,0,1
BRDA:291,57,1,1
BRDA:307,58,0,1
BRDA:307,58,1,0
BRDA:317,59,0,1
BRDA:317,59,1,0
BRDA:332,60,0,2
BRDA:334,61,0,5
BRDA:335,62,0,5
BRDA:336,63,0,5
BRDA:337,64,0,5
BRDA:343,65,0,1
BRDA:343,65,1,5
BRDA:347,66,0,1
BRDA:347,66,1,5
BRDA:351,67,0,1
BRDA:351,67,1,5
BRDA:353,68,0,4
BRDA:353,68,1,1
BRDA:361,69,0,6
BRDA:361,69,1,0
BRDA:368,70,0,0
BRDA:368,70,1,0
BRDA:373,71,0,0
BRDA:373,71,1,0
BRDA:383,72,0,1
BRDA:383,73,0,2
BRDA:384,74,0,1
BRDA:384,74,1,1
BRDA:387,75,0,2
BRDA:387,75,1,0
BRDA:394,76,0,0
BRDA:394,76,1,0
BRDA:399,77,0,0
BRDA:399,77,1,0
BRDA:409,78,0,3
BRDA:411,79,0,3
BRDA:412,80,0,3
BRDA:413,81,0,3
BRDA:419,82,0,1
BRDA:419,82,1,2
BRDA:423,83,0,1
BRDA:423,83,1,0
BRDA:428,84,0,1
BRDA:428,84,1,1
BRDA:432,85,0,1
BRDA:432,85,1,0
BRDA:441,86,0,2
BRDA:441,86,1,0
BRDA:448,87,0,0
BRDA:448,87,1,0
BRDA:458,88,0,2
BRDA:459,89,0,1
BRDA:459,89,1,2
BRDA:460,90,0,1
BRDA:460,90,1,2
BRDA:464,91,0,3
BRDA:464,91,1,0
BRDA:472,92,0,1
BRDA:472,92,1,0
BRDA:495,93,0,1
BRDA:495,93,1,3
BRDA:498,94,0,1
BRDA:498,94,1,2
BRDA:501,95,0,2
BRDA:501,95,1,0
BRDA:506,96,0,1
BRDA:506,96,1,0
BRDA:517,97,0,1
BRF:161
BRH:120
end_of_record
