TN:
SF:lib/configManager.js
FN:11,(anonymous_0)
FN:67,(anonymous_1)
FN:115,(anonymous_2)
FN:160,(anonymous_3)
FN:186,(anonymous_4)
FN:199,(anonymous_5)
FN:247,(anonymous_6)
FN:269,(anonymous_7)
FN:293,(anonymous_8)
FN:316,(anonymous_9)
FN:324,(anonymous_10)
FN:332,(anonymous_11)
FN:340,(anonymous_12)
FN:348,(anonymous_13)
FN:361,(anonymous_14)
FN:369,(anonymous_15)
FN:376,(anonymous_16)
FN:386,(anonymous_17)
FNF:18
FNH:0
FNDA:0,(anonymous_0)
FNDA:0,(anonymous_1)
FNDA:0,(anonymous_2)
FNDA:0,(anonymous_3)
FNDA:0,(anonymous_4)
FNDA:0,(anonymous_5)
FNDA:0,(anonymous_6)
FNDA:0,(anonymous_7)
FNDA:0,(anonymous_8)
FNDA:0,(anonymous_9)
FNDA:0,(anonymous_10)
FNDA:0,(anonymous_11)
FNDA:0,(anonymous_12)
FNDA:0,(anonymous_13)
FNDA:0,(anonymous_14)
FNDA:0,(anonymous_15)
FNDA:0,(anonymous_16)
FNDA:0,(anonymous_17)
DA:6,0
DA:7,0
DA:8,0
DA:12,0
DA:13,0
DA:16,0
DA:58,0
DA:59,0
DA:68,0
DA:69,0
DA:70,0
DA:73,0
DA:74,0
DA:78,0
DA:80,0
DA:81,0
DA:84,0
DA:85,0
DA:87,0
DA:91,0
DA:92,0
DA:94,0
DA:95,0
DA:96,0
DA:99,0
DA:102,0
DA:103,0
DA:105,0
DA:116,0
DA:119,0
DA:121,0
DA:122,0
DA:125,0
DA:130,0
DA:132,0
DA:136,0
DA:137,0
DA:138,0
DA:141,0
DA:143,0
DA:144,0
DA:148,0
DA:149,0
DA:151,0
DA:161,0
DA:174,0
DA:176,0
DA:177,0
DA:187,0
DA:190,0
DA:192,0
DA:200,0
DA:203,0
DA:204,0
DA:205,0
DA:209,0
DA:210,0
DA:214,0
DA:215,0
DA:219,0
DA:220,0
DA:224,0
DA:225,0
DA:228,0
DA:229,0
DA:232,0
DA:233,0
DA:236,0
DA:237,0
DA:248,0
DA:250,0
DA:251,0
DA:252,0
DA:253,0
DA:255,0
DA:260,0
DA:270,0
DA:271,0
DA:274,0
DA:275,0
DA:277,0
DA:278,0
DA:279,0
DA:281,0
DA:285,0
DA:294,0
DA:295,0
DA:298,0
DA:299,0
DA:301,0
DA:302,0
DA:303,0
DA:304,0
DA:306,0
DA:309,0
DA:317,0
DA:325,0
DA:333,0
DA:341,0
DA:349,0
DA:362,0
DA:370,0
DA:377,0
DA:378,0
DA:387,0
DA:396,0
DA:403,0
DA:404,0
DA:405,0
DA:406,0
DA:407,0
DA:408,0
DA:410,0
DA:415,0
DA:419,0
LF:115
LH:0
BRDA:11,0,0,0
BRDA:13,1,0,0
BRDA:13,1,1,0
BRDA:69,2,0,0
BRDA:69,2,1,0
BRDA:78,3,0,0
BRDA:78,3,1,0
BRDA:78,3,2,0
BRDA:78,3,3,0
BRDA:94,4,0,0
BRDA:94,4,1,0
BRDA:94,5,0,0
BRDA:94,5,1,0
BRDA:102,6,0,0
BRDA:102,6,1,0
BRDA:115,7,0,0
BRDA:119,8,0,0
BRDA:119,8,1,0
BRDA:119,8,2,0
BRDA:119,8,3,0
BRDA:137,9,0,0
BRDA:137,9,1,0
BRDA:143,10,0,0
BRDA:143,10,1,0
BRDA:143,11,0,0
BRDA:143,11,1,0
BRDA:148,12,0,0
BRDA:148,12,1,0
BRDA:160,13,0,0
BRDA:176,14,0,0
BRDA:176,14,1,0
BRDA:204,15,0,0
BRDA:204,15,1,0
BRDA:209,16,0,0
BRDA:209,16,1,0
BRDA:209,17,0,0
BRDA:209,17,1,0
BRDA:214,18,0,0
BRDA:214,18,1,0
BRDA:214,19,0,0
BRDA:214,19,1,0
BRDA:214,19,2,0
BRDA:219,20,0,0
BRDA:219,20,1,0
BRDA:224,21,0,0
BRDA:224,21,1,0
BRDA:224,22,0,0
BRDA:224,22,1,0
BRDA:228,23,0,0
BRDA:228,23,1,0
BRDA:228,24,0,0
BRDA:228,24,1,0
BRDA:232,25,0,0
BRDA:232,25,1,0
BRDA:232,26,0,0
BRDA:232,26,1,0
BRDA:236,27,0,0
BRDA:236,27,1,0
BRDA:251,28,0,0
BRDA:251,28,1,0
BRDA:252,29,0,0
BRDA:252,29,1,0
BRDA:252,30,0,0
BRDA:252,30,1,0
BRDA:252,30,2,0
BRDA:253,31,0,0
BRDA:253,31,1,0
BRDA:269,32,0,0
BRDA:270,33,0,0
BRDA:270,33,1,0
BRDA:278,34,0,0
BRDA:278,34,1,0
BRDA:278,35,0,0
BRDA:278,35,1,0
BRDA:278,35,2,0
BRDA:294,36,0,0
BRDA:294,36,1,0
BRDA:303,37,0,0
BRDA:303,37,1,0
BRDA:303,38,0,0
BRDA:303,38,1,0
BRDA:317,39,0,0
BRDA:317,39,1,0
BRDA:386,40,0,0
BRDA:406,41,0,0
BRDA:406,41,1,0
BRDA:407,42,0,0
BRDA:407,42,1,0
BRDA:407,43,0,0
BRDA:407,43,1,0
BRF:90
BRH:0
end_of_record
TN:
SF:lib/distributionManager.js
FN:11,(anonymous_0)
FN:22,(anonymous_1)
FN:30,(anonymous_2)
FN:55,(anonymous_3)
FN:69,(anonymous_4)
FN:292,(anonymous_5)
FN:293,(anonymous_6)
FN:312,(anonymous_7)
FN:349,(anonymous_8)
FN:350,(anonymous_9)
FN:358,(anonymous_10)
FN:376,(anonymous_11)
FN:389,(anonymous_12)
FN:411,(anonymous_13)
FN:419,(anonymous_14)
FN:428,(anonymous_15)
FN:444,(anonymous_16)
FN:498,(anonymous_17)
FN:550,(anonymous_18)
FN:560,(anonymous_19)
FN:585,(anonymous_20)
FN:595,(anonymous_21)
FNF:22
FNH:0
FNDA:0,(anonymous_0)
FNDA:0,(anonymous_1)
FNDA:0,(anonymous_2)
FNDA:0,(anonymous_3)
FNDA:0,(anonymous_4)
FNDA:0,(anonymous_5)
FNDA:0,(anonymous_6)
FNDA:0,(anonymous_7)
FNDA:0,(anonymous_8)
FNDA:0,(anonymous_9)
FNDA:0,(anonymous_10)
FNDA:0,(anonymous_11)
FNDA:0,(anonymous_12)
FNDA:0,(anonymous_13)
FNDA:0,(anonymous_14)
FNDA:0,(anonymous_15)
FNDA:0,(anonymous_16)
FNDA:0,(anonymous_17)
FNDA:0,(anonymous_18)
FNDA:0,(anonymous_19)
FNDA:0,(anonymous_20)
FNDA:0,(anonymous_21)
DA:6,0
DA:7,0
DA:8,0
DA:12,0
DA:13,0
DA:14,0
DA:15,0
DA:23,0
DA:31,0
DA:32,0
DA:33,0
DA:36,0
DA:39,0
DA:41,0
DA:43,0
DA:44,0
DA:46,0
DA:56,0
DA:62,0
DA:70,0
DA:293,0
DA:294,0
DA:295,0
DA:296,0
DA:297,0
DA:298,0
DA:299,0
DA:302,0
DA:305,0
DA:313,0
DA:315,0
DA:316,0
DA:317,0
DA:318,0
DA:323,0
DA:324,0
DA:325,0
DA:329,0
DA:335,0
DA:336,0
DA:337,0
DA:338,0
DA:350,0
DA:359,0
DA:360,0
DA:362,0
DA:363,0
DA:364,0
DA:365,0
DA:368,0
DA:377,0
DA:378,0
DA:379,0
DA:381,0
DA:390,0
DA:391,0
DA:394,0
DA:395,0
DA:396,0
DA:397,0
DA:398,0
DA:399,0
DA:400,0
DA:404,0
DA:412,0
DA:420,0
DA:429,0
DA:430,0
DA:432,0
DA:445,0
DA:480,0
DA:485,0
DA:491,0
DA:499,0
DA:500,0
DA:502,0
DA:503,0
DA:505,0
DA:506,0
DA:507,0
DA:509,0
DA:510,0
DA:513,0
DA:514,0
DA:517,0
DA:520,0
DA:521,0
DA:522,0
DA:524,0
DA:525,0
DA:526,0
DA:527,0
DA:528,0
DA:529,0
DA:530,0
DA:532,0
DA:533,0
DA:537,0
DA:538,0
DA:542,0
DA:551,0
DA:553,0
DA:556,0
DA:559,0
DA:560,0
DA:561,0
DA:562,0
DA:563,0
DA:564,0
DA:566,0
DA:571,0
DA:572,0
DA:575,0
DA:586,0
DA:596,0
DA:597,0
DA:601,0
LF:117
LH:0
BRDA:11,0,0,0
BRDA:12,1,0,0
BRDA:12,1,1,0
BRDA:13,2,0,0
BRDA:13,2,1,0
BRDA:41,3,0,0
BRDA:41,3,1,0
BRDA:295,4,0,0
BRDA:295,4,1,0
BRDA:295,5,0,0
BRDA:295,5,1,0
BRDA:295,5,2,0
BRDA:296,6,0,0
BRDA:296,6,1,0
BRDA:298,7,0,0
BRDA:298,7,1,0
BRDA:305,8,0,0
BRDA:305,8,1,0
BRDA:317,9,0,0
BRDA:317,9,1,0
BRDA:324,10,0,0
BRDA:324,10,1,0
BRDA:337,11,0,0
BRDA:337,11,1,0
BRDA:337,12,0,0
BRDA:337,12,1,0
BRDA:350,13,0,0
BRDA:350,13,1,0
BRDA:364,14,0,0
BRDA:364,14,1,0
BRDA:394,15,0,0
BRDA:394,15,1,0
BRDA:395,16,0,0
BRDA:395,16,1,0
BRDA:395,17,0,0
BRDA:395,17,1,0
BRDA:397,18,0,0
BRDA:397,18,1,0
BRDA:397,19,0,0
BRDA:397,19,1,0
BRDA:399,20,0,0
BRDA:399,20,1,0
BRDA:399,21,0,0
BRDA:399,21,1,0
BRDA:428,22,0,0
BRDA:444,23,0,0
BRDA:505,24,0,0
BRDA:505,24,1,0
BRDA:505,25,0,0
BRDA:505,25,1,0
BRDA:520,26,0,0
BRDA:520,26,1,0
BRDA:520,27,0,0
BRDA:520,27,1,0
BRDA:525,28,0,0
BRDA:525,28,1,0
BRDA:526,29,0,0
BRDA:526,29,1,0
BRDA:532,30,0,0
BRDA:532,30,1,0
BRDA:550,31,0,0
BRDA:551,32,0,0
BRDA:551,32,1,0
BRDA:551,32,2,0
BRDA:551,32,3,0
BRDA:560,33,0,0
BRDA:563,34,0,0
BRDA:563,34,1,0
BRDA:563,35,0,0
BRDA:563,35,1,0
BRDA:563,35,2,0
BRDA:585,36,0,0
BRDA:586,37,0,0
BRDA:586,37,1,0
BRF:74
BRH:0
end_of_record
TN:
SF:lib/fileUtils.js
FN:14,(anonymous_0)
FN:21,(anonymous_1)
FN:33,(anonymous_2)
FN:51,(anonymous_3)
FN:81,(anonymous_4)
FN:83,(anonymous_5)
FN:175,(anonymous_6)
FN:199,(anonymous_7)
FN:224,(anonymous_8)
FN:249,(anonymous_9)
FN:269,(anonymous_10)
FN:293,(anonymous_11)
FN:317,(anonymous_12)
FN:341,(anonymous_13)
FN:377,(anonymous_14)
FN:410,(anonymous_15)
FN:436,(anonymous_16)
FN:456,(anonymous_17)
FN:476,(anonymous_18)
FNF:19
FNH:19
FNDA:63,(anonymous_0)
FNDA:57,(anonymous_1)
FNDA:52,(anonymous_2)
FNDA:12,(anonymous_3)
FNDA:9,(anonymous_4)
FNDA:7,(anonymous_5)
FNDA:3,(anonymous_6)
FNDA:10,(anonymous_7)
FNDA:5,(anonymous_8)
FNDA:3,(anonymous_9)
FNDA:3,(anonymous_10)
FNDA:3,(anonymous_11)
FNDA:6,(anonymous_12)
FNDA:7,(anonymous_13)
FNDA:6,(anonymous_14)
FNDA:4,(anonymous_15)
FNDA:3,(anonymous_16)
FNDA:2,(anonymous_17)
FNDA:2,(anonymous_18)
DA:6,3
DA:7,3
DA:8,3
DA:11,3
DA:15,63
DA:22,57
DA:23,57
DA:24,49
DA:26,8
DA:34,52
DA:35,52
DA:36,51
DA:37,47
DA:39,51
DA:41,1
DA:42,1
DA:44,1
DA:52,12
DA:54,12
DA:55,12
DA:58,12
DA:61,11
DA:62,1
DA:65,11
DA:66,10
DA:69,11
DA:71,1
DA:72,1
DA:74,1
DA:83,7
DA:89,9
DA:91,9
DA:93,9
DA:94,1
DA:98,8
DA:99,8
DA:100,1
DA:101,1
DA:103,1
DA:105,7
DA:108,7
DA:109,1
DA:113,6
DA:116,6
DA:118,6
DA:119,9
DA:120,9
DA:123,9
DA:124,1
DA:127,8
DA:129,8
DA:131,1
DA:136,1
DA:137,7
DA:139,7
DA:140,1
DA:141,1
DA:143,1
DA:147,6
DA:150,6
DA:151,1
DA:157,6
DA:159,6
DA:160,6
DA:163,6
DA:165,2
DA:166,2
DA:168,2
DA:176,3
DA:178,3
DA:179,3
DA:181,3
DA:183,2
DA:184,1
DA:187,2
DA:189,1
DA:190,1
DA:192,1
DA:200,10
DA:201,10
DA:203,8
DA:204,7
DA:207,8
DA:209,2
DA:211,1
DA:214,1
DA:215,1
DA:217,1
DA:225,5
DA:226,5
DA:228,3
DA:229,2
DA:232,3
DA:234,2
DA:236,1
DA:239,1
DA:240,1
DA:242,1
DA:250,3
DA:251,3
DA:253,2
DA:254,2
DA:257,2
DA:259,1
DA:260,1
DA:262,1
DA:270,3
DA:272,3
DA:273,3
DA:275,3
DA:277,2
DA:278,2
DA:281,2
DA:283,1
DA:284,1
DA:286,1
DA:294,3
DA:296,3
DA:297,3
DA:299,3
DA:301,2
DA:302,2
DA:305,2
DA:307,1
DA:308,1
DA:310,1
DA:318,6
DA:319,6
DA:321,5
DA:331,1
DA:332,1
DA:334,1
DA:342,7
DA:344,7
DA:345,7
DA:346,4
DA:348,4
DA:349,7
DA:350,7
DA:352,7
DA:353,4
DA:356,7
DA:359,7
DA:360,1
DA:361,1
DA:365,4
DA:367,3
DA:368,3
DA:370,3
DA:378,6
DA:379,6
DA:381,6
DA:382,6
DA:384,5
DA:385,10
DA:386,9
DA:387,9
DA:389,9
DA:390,6
DA:392,1
DA:393,1
DA:394,1
DA:398,5
DA:400,1
DA:401,1
DA:403,1
DA:411,4
DA:413,4
DA:414,4
DA:416,3
DA:417,5
DA:418,4
DA:419,1
DA:420,1
DA:424,3
DA:426,1
DA:427,1
DA:429,1
DA:437,3
DA:438,3
DA:440,2
DA:441,2
DA:444,2
DA:446,1
DA:447,1
DA:449,1
DA:457,2
DA:458,2
DA:460,1
DA:461,1
DA:464,1
DA:466,1
DA:467,1
DA:469,1
DA:477,2
DA:479,2
DA:480,2
DA:482,2
DA:484,1
DA:485,1
DA:488,1
DA:490,1
DA:491,1
DA:493,1
DA:498,3
LF:205
LH:205
BRDA:14,0,0,3
BRDA:15,1,0,63
BRDA:15,1,1,3
BRDA:36,2,0,47
BRDA:36,2,1,4
BRDA:41,3,0,1
BRDA:41,3,1,0
BRDA:51,4,0,11
BRDA:61,5,0,1
BRDA:61,5,1,10
BRDA:65,6,0,10
BRDA:65,6,1,1
BRDA:71,7,0,1
BRDA:71,7,1,0
BRDA:81,8,0,3
BRDA:83,9,0,8
BRDA:84,10,0,8
BRDA:85,11,0,8
BRDA:86,12,0,7
BRDA:87,13,0,7
BRDA:88,14,0,8
BRDA:93,15,0,1
BRDA:93,15,1,8
BRDA:99,16,0,1
BRDA:99,16,1,7
BRDA:100,17,0,1
BRDA:100,17,1,0
BRDA:108,18,0,1
BRDA:108,18,1,6
BRDA:123,19,0,1
BRDA:123,19,1,8
BRDA:129,20,0,1
BRDA:129,20,1,7
BRDA:137,21,0,7
BRDA:137,21,1,0
BRDA:139,22,0,1
BRDA:139,22,1,6
BRDA:139,23,0,7
BRDA:139,23,1,1
BRDA:140,24,0,1
BRDA:140,24,1,0
BRDA:150,25,0,1
BRDA:150,25,1,5
BRDA:159,26,0,6
BRDA:159,26,1,0
BRDA:165,27,0,2
BRDA:165,27,1,0
BRDA:183,28,0,1
BRDA:183,28,1,1
BRDA:189,29,0,1
BRDA:189,29,1,0
BRDA:203,30,0,7
BRDA:203,30,1,1
BRDA:209,31,0,1
BRDA:209,31,1,1
BRDA:214,32,0,1
BRDA:214,32,1,0
BRDA:228,33,0,2
BRDA:228,33,1,1
BRDA:234,34,0,1
BRDA:234,34,1,1
BRDA:239,35,0,1
BRDA:239,35,1,0
BRDA:249,36,0,2
BRDA:253,37,0,2
BRDA:253,37,1,0
BRDA:259,38,0,1
BRDA:259,38,1,0
BRDA:269,39,0,2
BRDA:277,40,0,2
BRDA:277,40,1,0
BRDA:283,41,0,1
BRDA:283,41,1,0
BRDA:293,42,0,2
BRDA:301,43,0,2
BRDA:301,43,1,0
BRDA:307,44,0,1
BRDA:307,44,1,0
BRDA:331,45,0,1
BRDA:331,45,1,0
BRDA:341,46,0,2
BRDA:342,47,0,5
BRDA:342,48,0,2
BRDA:352,49,0,4
BRDA:352,49,1,3
BRDA:359,50,0,1
BRDA:359,50,1,6
BRDA:359,51,0,7
BRDA:359,51,1,3
BRDA:359,51,2,3
BRDA:367,52,0,3
BRDA:367,52,1,0
BRDA:377,53,0,3
BRDA:378,54,0,4
BRDA:378,55,0,5
BRDA:385,56,0,9
BRDA:385,56,1,1
BRDA:386,57,0,2
BRDA:386,57,1,7
BRDA:387,58,0,2
BRDA:387,58,1,7
BRDA:389,59,0,6
BRDA:389,59,1,3
BRDA:392,60,0,1
BRDA:392,60,1,0
BRDA:392,61,0,1
BRDA:392,61,1,1
BRDA:400,62,0,1
BRDA:400,62,1,0
BRDA:417,63,0,4
BRDA:417,63,1,1
BRDA:419,64,0,1
BRDA:419,64,1,0
BRDA:426,65,0,1
BRDA:426,65,1,0
BRDA:436,66,0,2
BRDA:440,67,0,2
BRDA:440,67,1,0
BRDA:446,68,0,1
BRDA:446,68,1,0
BRDA:460,69,0,1
BRDA:460,69,1,0
BRDA:466,70,0,1
BRDA:466,70,1,0
BRDA:484,71,0,1
BRDA:484,71,1,0
BRDA:490,72,0,1
BRDA:490,72,1,0
BRF:128
BRH:100
end_of_record
TN:
SF:lib/logger.js
FN:9,(anonymous_0)
FN:39,(anonymous_1)
FN:54,(anonymous_2)
FN:67,(anonymous_3)
FN:83,(anonymous_4)
FN:92,(anonymous_5)
FN:99,(anonymous_6)
FN:106,(anonymous_7)
FN:117,(anonymous_8)
FN:134,(anonymous_9)
FN:143,(anonymous_10)
FN:152,(anonymous_11)
FN:161,(anonymous_12)
FN:170,(anonymous_13)
FN:179,(anonymous_14)
FN:188,(anonymous_15)
FN:197,(anonymous_16)
FN:206,(anonymous_17)
FN:216,(anonymous_18)
FN:234,(anonymous_19)
FN:250,(anonymous_20)
FN:258,(anonymous_21)
FN:266,(anonymous_22)
FN:273,(anonymous_23)
FN:285,(anonymous_24)
FN:297,(anonymous_25)
FN:304,(anonymous_26)
FN:313,(anonymous_27)
FN:321,(anonymous_28)
FN:331,(anonymous_29)
FN:342,(anonymous_30)
FN:377,(anonymous_31)
FN:386,(anonymous_32)
FN:395,(anonymous_33)
FN:402,(anonymous_34)
FN:409,(anonymous_35)
FN:416,(anonymous_36)
FN:423,(anonymous_37)
FNF:38
FNH:29
FNDA:39,(anonymous_0)
FNDA:39,(anonymous_1)
FNDA:39,(anonymous_2)
FNDA:0,(anonymous_3)
FNDA:0,(anonymous_4)
FNDA:82,(anonymous_5)
FNDA:32,(anonymous_6)
FNDA:32,(anonymous_7)
FNDA:33,(anonymous_8)
FNDA:7,(anonymous_9)
FNDA:4,(anonymous_10)
FNDA:7,(anonymous_11)
FNDA:13,(anonymous_12)
FNDA:47,(anonymous_13)
FNDA:0,(anonymous_14)
FNDA:0,(anonymous_15)
FNDA:2,(anonymous_16)
FNDA:2,(anonymous_17)
FNDA:0,(anonymous_18)
FNDA:0,(anonymous_19)
FNDA:0,(anonymous_20)
FNDA:0,(anonymous_21)
FNDA:0,(anonymous_22)
FNDA:20,(anonymous_23)
FNDA:1,(anonymous_24)
FNDA:3,(anonymous_25)
FNDA:5,(anonymous_26)
FNDA:7,(anonymous_27)
FNDA:2,(anonymous_28)
FNDA:11,(anonymous_29)
FNDA:57,(anonymous_30)
FNDA:1,(anonymous_31)
FNDA:1,(anonymous_32)
FNDA:4,(anonymous_33)
FNDA:1,(anonymous_34)
FNDA:4,(anonymous_35)
FNDA:1,(anonymous_36)
FNDA:3,(anonymous_37)
DA:6,3
DA:11,39
DA:14,39
DA:15,39
DA:16,39
DA:17,39
DA:18,39
DA:19,39
DA:21,39
DA:31,39
DA:32,1
DA:40,39
DA:55,39
DA:56,39
DA:57,39
DA:58,39
DA:59,38
DA:60,38
DA:68,0
DA:69,0
DA:70,0
DA:71,0
DA:72,0
DA:74,0
DA:75,0
DA:84,0
DA:93,82
DA:100,32
DA:107,32
DA:108,32
DA:109,32
DA:111,32
DA:118,33
DA:128,33
DA:135,7
DA:136,7
DA:144,4
DA:145,4
DA:153,7
DA:154,7
DA:162,13
DA:163,13
DA:171,47
DA:172,1
DA:180,0
DA:181,0
DA:189,0
DA:190,0
DA:198,2
DA:199,2
DA:207,2
DA:208,2
DA:209,2
DA:217,0
DA:218,0
DA:219,0
DA:220,0
DA:221,0
DA:222,0
DA:223,0
DA:224,0
DA:225,0
DA:226,0
DA:235,0
DA:243,0
DA:251,0
DA:259,0
DA:267,0
DA:274,20
DA:275,1
DA:276,1
DA:277,1
DA:278,1
DA:286,1
DA:287,1
DA:288,1
DA:289,1
DA:290,1
DA:298,3
DA:300,2
DA:301,2
DA:302,2
DA:304,2
DA:305,5
DA:306,5
DA:314,7
DA:316,1
DA:317,1
DA:318,1
DA:319,1
DA:321,1
DA:322,2
DA:323,2
DA:324,2
DA:332,11
DA:333,1
DA:334,1
DA:335,1
DA:343,57
DA:348,5
DA:350,1
DA:351,1
DA:352,1
DA:354,1
DA:355,1
DA:356,1
DA:358,1
DA:359,1
DA:360,1
DA:362,1
DA:363,1
DA:364,1
DA:366,1
DA:367,1
DA:370,5
DA:371,5
DA:378,1
DA:379,1
DA:387,1
DA:388,1
DA:396,4
DA:403,1
DA:410,4
DA:417,1
DA:424,3
DA:433,3
LF:126
LH:99
BRDA:9,0,0,33
BRDA:14,1,0,0
BRDA:14,1,1,39
BRDA:15,2,0,4
BRDA:15,2,1,35
BRDA:15,3,0,35
BRDA:15,3,1,34
BRDA:15,3,2,34
BRDA:16,4,0,6
BRDA:16,4,1,33
BRDA:17,5,0,0
BRDA:17,5,1,39
BRDA:18,6,0,0
BRDA:18,6,1,39
BRDA:19,7,0,0
BRDA:19,7,1,39
BRDA:21,8,0,39
BRDA:21,8,1,35
BRDA:31,9,0,1
BRDA:31,9,1,38
BRDA:31,10,0,39
BRDA:31,10,1,1
BRDA:41,11,0,39
BRDA:41,11,1,39
BRDA:42,12,0,39
BRDA:42,12,1,39
BRDA:43,13,0,39
BRDA:43,13,1,39
BRDA:44,14,0,39
BRDA:44,14,1,38
BRDA:55,15,0,0
BRDA:55,15,1,39
BRDA:56,16,0,0
BRDA:56,16,1,39
BRDA:57,17,0,0
BRDA:57,17,1,39
BRDA:58,18,0,1
BRDA:58,18,1,38
BRDA:59,19,0,0
BRDA:59,19,1,38
BRDA:74,20,0,0
BRDA:74,20,1,0
BRDA:119,21,0,0
BRDA:119,21,1,33
BRDA:120,22,0,0
BRDA:120,22,1,33
BRDA:121,23,0,0
BRDA:121,23,1,33
BRDA:122,24,0,0
BRDA:122,24,1,33
BRDA:123,25,0,0
BRDA:123,25,1,33
BRDA:124,26,0,0
BRDA:124,26,1,33
BRDA:125,27,0,0
BRDA:125,27,1,33
BRDA:128,28,0,33
BRDA:128,28,1,1
BRDA:128,29,0,0
BRDA:128,29,1,1
BRDA:135,30,0,7
BRDA:135,30,1,0
BRDA:144,31,0,4
BRDA:144,31,1,0
BRDA:153,32,0,7
BRDA:153,32,1,0
BRDA:162,33,0,13
BRDA:162,33,1,0
BRDA:171,34,0,1
BRDA:171,34,1,46
BRDA:180,35,0,0
BRDA:180,35,1,0
BRDA:189,36,0,0
BRDA:189,36,1,0
BRDA:198,37,0,2
BRDA:198,37,1,0
BRDA:206,38,0,0
BRDA:207,39,0,2
BRDA:207,39,1,0
BRDA:208,40,0,0
BRDA:208,40,1,2
BRDA:208,41,0,1
BRDA:208,41,1,1
BRDA:217,42,0,0
BRDA:217,42,1,0
BRDA:243,43,0,0
BRDA:243,43,1,0
BRDA:274,44,0,1
BRDA:274,44,1,19
BRDA:286,45,0,1
BRDA:286,45,1,0
BRDA:297,46,0,2
BRDA:298,47,0,1
BRDA:298,47,1,2
BRDA:300,48,0,2
BRDA:300,48,1,1
BRDA:301,49,0,2
BRDA:301,49,1,2
BRDA:302,50,0,2
BRDA:302,50,1,1
BRDA:305,51,0,5
BRDA:305,51,1,0
BRDA:313,52,0,7
BRDA:314,53,0,6
BRDA:314,53,1,1
BRDA:316,54,0,1
BRDA:316,54,1,1
BRDA:317,55,0,1
BRDA:317,55,1,1
BRDA:318,56,0,1
BRDA:318,56,1,1
BRDA:319,57,0,1
BRDA:319,57,1,1
BRDA:322,58,0,2
BRDA:322,58,1,0
BRDA:323,59,0,2
BRDA:323,59,1,0
BRDA:332,60,0,1
BRDA:332,60,1,10
BRDA:342,61,0,0
BRDA:343,62,0,52
BRDA:343,62,1,5
BRDA:348,63,0,1
BRDA:348,63,1,1
BRDA:348,63,2,1
BRDA:348,63,3,1
BRDA:348,63,4,1
BRDA:370,64,0,5
BRDA:370,64,1,0
BRDA:378,65,0,1
BRDA:378,65,1,0
BRDA:387,66,0,1
BRDA:387,66,1,0
BRDA:423,67,0,2
BRF:134
BRH:92
end_of_record
TN:
SF:lib/progressTracker.js
FN:10,(anonymous_0)
FN:40,(anonymous_1)
FN:48,(anonymous_2)
FN:50,(anonymous_3)
FN:69,(anonymous_4)
FN:81,(anonymous_5)
FN:91,(anonymous_6)
FN:111,(anonymous_7)
FN:133,(anonymous_8)
FN:154,(anonymous_9)
FN:185,(anonymous_10)
FN:211,(anonymous_11)
FN:226,(anonymous_12)
FN:243,(anonymous_13)
FN:256,(anonymous_14)
FN:267,(anonymous_15)
FN:276,(anonymous_16)
FN:285,(anonymous_17)
FN:304,(anonymous_18)
FN:308,(anonymous_19)
FN:321,(anonymous_20)
FN:330,(anonymous_21)
FNF:22
FNH:0
FNDA:0,(anonymous_0)
FNDA:0,(anonymous_1)
FNDA:0,(anonymous_2)
FNDA:0,(anonymous_3)
FNDA:0,(anonymous_4)
FNDA:0,(anonymous_5)
FNDA:0,(anonymous_6)
FNDA:0,(anonymous_7)
FNDA:0,(anonymous_8)
FNDA:0,(anonymous_9)
FNDA:0,(anonymous_10)
FNDA:0,(anonymous_11)
FNDA:0,(anonymous_12)
FNDA:0,(anonymous_13)
FNDA:0,(anonymous_14)
FNDA:0,(anonymous_15)
FNDA:0,(anonymous_16)
FNDA:0,(anonymous_17)
FNDA:0,(anonymous_18)
FNDA:0,(anonymous_19)
FNDA:0,(anonymous_20)
FNDA:0,(anonymous_21)
DA:6,0
DA:7,0
DA:11,0
DA:12,0
DA:15,0
DA:16,0
DA:17,0
DA:18,0
DA:19,0
DA:20,0
DA:21,0
DA:22,0
DA:25,0
DA:34,0
DA:41,0
DA:49,0
DA:50,0
DA:51,0
DA:52,0
DA:53,0
DA:54,0
DA:55,0
DA:58,0
DA:60,0
DA:61,0
DA:71,0
DA:81,0
DA:82,0
DA:83,0
DA:84,0
DA:92,0
DA:94,0
DA:99,0
DA:101,0
DA:102,0
DA:112,0
DA:114,0
DA:115,0
DA:118,0
DA:123,0
DA:124,0
DA:134,0
DA:136,0
DA:137,0
DA:138,0
DA:140,0
DA:141,0
DA:143,0
DA:155,0
DA:157,0
DA:158,0
DA:165,0
DA:168,0
DA:170,0
DA:175,0
DA:176,0
DA:179,0
DA:186,0
DA:188,0
DA:190,0
DA:195,0
DA:196,0
DA:198,0
DA:199,0
DA:202,0
DA:203,0
DA:212,0
DA:213,0
DA:214,0
DA:217,0
DA:218,0
DA:227,0
DA:228,0
DA:231,0
DA:232,0
DA:233,0
DA:234,0
DA:236,0
DA:244,0
DA:245,0
DA:246,0
DA:248,0
DA:257,0
DA:259,0
DA:260,0
DA:269,0
DA:277,0
DA:286,0
DA:288,0
DA:289,0
DA:290,0
DA:292,0
DA:293,0
DA:294,0
DA:295,0
DA:298,0
DA:305,0
DA:307,0
DA:308,0
DA:309,0
DA:312,0
DA:313,0
DA:314,0
DA:322,0
DA:323,0
DA:331,0
DA:335,0
LF:107
LH:0
BRDA:10,0,0,0
BRDA:12,1,0,0
BRDA:12,1,1,0
BRDA:50,2,0,0
BRDA:50,2,1,0
BRDA:60,3,0,0
BRDA:60,3,1,0
BRDA:60,4,0,0
BRDA:60,4,1,0
BRDA:82,5,0,0
BRDA:82,5,1,0
BRDA:83,6,0,0
BRDA:83,6,1,0
BRDA:92,7,0,0
BRDA:92,7,1,0
BRDA:101,8,0,0
BRDA:101,8,1,0
BRDA:101,9,0,0
BRDA:101,9,1,0
BRDA:111,10,0,0
BRDA:112,11,0,0
BRDA:112,11,1,0
BRDA:123,12,0,0
BRDA:123,12,1,0
BRDA:123,13,0,0
BRDA:123,13,1,0
BRDA:133,14,0,0
BRDA:133,15,0,0
BRDA:134,16,0,0
BRDA:134,16,1,0
BRDA:134,17,0,0
BRDA:134,17,1,0
BRDA:141,18,0,0
BRDA:141,18,1,0
BRDA:154,19,0,0
BRDA:155,20,0,0
BRDA:155,20,1,0
BRDA:155,21,0,0
BRDA:155,21,1,0
BRDA:175,22,0,0
BRDA:175,22,1,0
BRDA:175,23,0,0
BRDA:175,23,1,0
BRDA:186,24,0,0
BRDA:186,24,1,0
BRDA:198,25,0,0
BRDA:198,25,1,0
BRDA:202,26,0,0
BRDA:202,26,1,0
BRDA:202,27,0,0
BRDA:202,27,1,0
BRDA:212,28,0,0
BRDA:212,28,1,0
BRDA:217,29,0,0
BRDA:217,29,1,0
BRDA:227,30,0,0
BRDA:227,30,1,0
BRDA:227,31,0,0
BRDA:227,31,1,0
BRDA:257,32,0,0
BRDA:257,32,1,0
BRDA:286,33,0,0
BRDA:286,33,1,0
BRDA:286,34,0,0
BRDA:286,34,1,0
BRDA:292,35,0,0
BRDA:292,35,1,0
BRDA:305,36,0,0
BRDA:305,36,1,0
BRDA:322,37,0,0
BRDA:322,37,1,0
BRF:71
BRH:0
end_of_record
TN:
SF:lib/rollbackManager.js
FN:12,(anonymous_0)
FN:40,(anonymous_1)
FN:48,(anonymous_2)
FN:67,(anonymous_3)
FN:91,(anonymous_4)
FN:115,(anonymous_5)
FN:156,(anonymous_6)
FN:187,(anonymous_7)
FN:217,(anonymous_8)
FN:248,(anonymous_9)
FN:263,(anonymous_10)
FN:282,(anonymous_11)
FN:358,(anonymous_12)
FN:384,(anonymous_13)
FN:394,(anonymous_14)
FN:414,(anonymous_15)
FN:428,(anonymous_16)
FN:462,(anonymous_17)
FN:497,(anonymous_18)
FN:498,(anonymous_19)
FN:504,(anonymous_20)
FN:508,(anonymous_21)
FN:512,(anonymous_22)
FN:520,(anonymous_23)
FN:530,(anonymous_24)
FN:554,(anonymous_25)
FN:585,(anonymous_26)
FN:601,(anonymous_27)
FN:610,(anonymous_28)
FNF:29
FNH:0
FNDA:0,(anonymous_0)
FNDA:0,(anonymous_1)
FNDA:0,(anonymous_2)
FNDA:0,(anonymous_3)
FNDA:0,(anonymous_4)
FNDA:0,(anonymous_5)
FNDA:0,(anonymous_6)
FNDA:0,(anonymous_7)
FNDA:0,(anonymous_8)
FNDA:0,(anonymous_9)
FNDA:0,(anonymous_10)
FNDA:0,(anonymous_11)
FNDA:0,(anonymous_12)
FNDA:0,(anonymous_13)
FNDA:0,(anonymous_14)
FNDA:0,(anonymous_15)
FNDA:0,(anonymous_16)
FNDA:0,(anonymous_17)
FNDA:0,(anonymous_18)
FNDA:0,(anonymous_19)
FNDA:0,(anonymous_20)
FNDA:0,(anonymous_21)
FNDA:0,(anonymous_22)
FNDA:0,(anonymous_23)
FNDA:0,(anonymous_24)
FNDA:0,(anonymous_25)
FNDA:0,(anonymous_26)
FNDA:0,(anonymous_27)
FNDA:0,(anonymous_28)
DA:6,0
DA:7,0
DA:8,0
DA:9,0
DA:13,0
DA:14,0
DA:15,0
DA:18,0
DA:33,0
DA:41,0
DA:49,0
DA:50,0
DA:51,0
DA:54,0
DA:56,0
DA:57,0
DA:58,0
DA:68,0
DA:70,0
DA:77,0
DA:78,0
DA:79,0
DA:81,0
DA:82,0
DA:92,0
DA:94,0
DA:101,0
DA:102,0
DA:103,0
DA:105,0
DA:106,0
DA:116,0
DA:118,0
DA:120,0
DA:121,0
DA:123,0
DA:131,0
DA:132,0
DA:137,0
DA:139,0
DA:140,0
DA:144,0
DA:145,0
DA:157,0
DA:159,0
DA:167,0
DA:168,0
DA:174,0
DA:176,0
DA:177,0
DA:188,0
DA:190,0
DA:198,0
DA:199,0
DA:205,0
DA:207,0
DA:208,0
DA:218,0
DA:221,0
DA:222,0
DA:225,0
DA:226,0
DA:227,0
DA:230,0
DA:231,0
DA:233,0
DA:236,0
DA:242,0
DA:249,0
DA:250,0
DA:252,0
DA:253,0
DA:264,0
DA:265,0
DA:266,0
DA:267,0
DA:270,0
DA:271,0
DA:274,0
DA:287,0
DA:289,0
DA:291,0
DA:292,0
DA:293,0
DA:294,0
DA:296,0
DA:299,0
DA:300,0
DA:301,0
DA:302,0
DA:306,0
DA:307,0
DA:308,0
DA:309,0
DA:310,0
DA:312,0
DA:317,0
DA:318,0
DA:319,0
DA:321,0
DA:322,0
DA:323,0
DA:324,0
DA:326,0
DA:327,0
DA:330,0
DA:331,0
DA:332,0
DA:338,0
DA:340,0
DA:341,0
DA:344,0
DA:347,0
DA:348,0
DA:350,0
DA:359,0
DA:361,0
DA:362,0
DA:364,0
DA:365,0
DA:367,0
DA:368,0
DA:370,0
DA:371,0
DA:373,0
DA:374,0
DA:376,0
DA:385,0
DA:386,0
DA:395,0
DA:397,0
DA:398,0
DA:401,0
DA:402,0
DA:404,0
DA:415,0
DA:416,0
DA:417,0
DA:419,0
DA:429,0
DA:431,0
DA:434,0
DA:436,0
DA:437,0
DA:438,0
DA:440,0
DA:441,0
DA:442,0
DA:444,0
DA:445,0
DA:446,0
DA:448,0
DA:451,0
DA:454,0
DA:463,0
DA:465,0
DA:468,0
DA:469,0
DA:471,0
DA:473,0
DA:476,0
DA:477,0
DA:479,0
DA:482,0
DA:483,0
DA:485,0
DA:487,0
DA:498,0
DA:499,0
DA:501,0
DA:502,0
DA:504,0
DA:505,0
DA:508,0
DA:509,0
DA:512,0
DA:513,0
DA:514,0
DA:516,0
DA:520,0
DA:521,0
DA:531,0
DA:532,0
DA:533,0
DA:534,0
DA:544,0
DA:547,0
DA:555,0
DA:557,0
DA:558,0
DA:562,0
DA:563,0
DA:564,0
DA:565,0
DA:567,0
DA:571,0
DA:572,0
DA:576,0
DA:577,0
DA:586,0
DA:589,0
DA:591,0
DA:592,0
DA:602,0
DA:611,0
DA:612,0
DA:614,0
DA:628,0
LF:208
LH:0
BRDA:12,0,0,0
BRDA:15,1,0,0
BRDA:15,1,1,0
BRDA:56,2,0,0
BRDA:56,2,1,0
BRDA:56,3,0,0
BRDA:56,3,1,0
BRDA:67,4,0,0
BRDA:68,5,0,0
BRDA:68,5,1,0
BRDA:81,6,0,0
BRDA:81,6,1,0
BRDA:81,7,0,0
BRDA:81,7,1,0
BRDA:91,8,0,0
BRDA:92,9,0,0
BRDA:92,9,1,0
BRDA:105,10,0,0
BRDA:105,10,1,0
BRDA:105,11,0,0
BRDA:105,11,1,0
BRDA:115,12,0,0
BRDA:116,13,0,0
BRDA:116,13,1,0
BRDA:120,14,0,0
BRDA:120,14,1,0
BRDA:139,15,0,0
BRDA:139,15,1,0
BRDA:139,16,0,0
BRDA:139,16,1,0
BRDA:144,17,0,0
BRDA:144,17,1,0
BRDA:156,18,0,0
BRDA:157,19,0,0
BRDA:157,19,1,0
BRDA:176,20,0,0
BRDA:176,20,1,0
BRDA:176,21,0,0
BRDA:176,21,1,0
BRDA:187,22,0,0
BRDA:188,23,0,0
BRDA:188,23,1,0
BRDA:207,24,0,0
BRDA:207,24,1,0
BRDA:207,25,0,0
BRDA:207,25,1,0
BRDA:221,26,0,0
BRDA:221,26,1,0
BRDA:230,27,0,0
BRDA:230,27,1,0
BRDA:230,28,0,0
BRDA:230,28,1,0
BRDA:252,29,0,0
BRDA:252,29,1,0
BRDA:263,30,0,0
BRDA:265,31,0,0
BRDA:265,31,1,0
BRDA:270,32,0,0
BRDA:270,32,1,0
BRDA:282,33,0,0
BRDA:284,34,0,0
BRDA:285,35,0,0
BRDA:286,36,0,0
BRDA:292,37,0,0
BRDA:292,37,1,0
BRDA:293,38,0,0
BRDA:293,38,1,0
BRDA:299,39,0,0
BRDA:299,39,1,0
BRDA:306,40,0,0
BRDA:306,40,1,0
BRDA:306,41,0,0
BRDA:306,41,1,0
BRDA:308,42,0,0
BRDA:308,42,1,0
BRDA:309,43,0,0
BRDA:309,43,1,0
BRDA:326,44,0,0
BRDA:326,44,1,0
BRDA:326,45,0,0
BRDA:326,45,1,0
BRDA:327,46,0,0
BRDA:327,46,1,0
BRDA:327,46,2,0
BRDA:331,47,0,0
BRDA:331,47,1,0
BRDA:340,48,0,0
BRDA:340,48,1,0
BRDA:347,49,0,0
BRDA:347,49,1,0
BRDA:359,50,0,0
BRDA:359,50,1,0
BRDA:359,50,2,0
BRDA:359,50,3,0
BRDA:359,50,4,0
BRDA:359,50,5,0
BRDA:385,51,0,0
BRDA:385,51,1,0
BRDA:395,52,0,0
BRDA:395,52,1,0
BRDA:401,53,0,0
BRDA:401,53,1,0
BRDA:401,54,0,0
BRDA:401,54,1,0
BRDA:415,55,0,0
BRDA:415,55,1,0
BRDA:415,56,0,0
BRDA:415,56,1,0
BRDA:416,57,0,0
BRDA:416,57,1,0
BRDA:416,58,0,0
BRDA:416,58,1,0
BRDA:434,59,0,0
BRDA:434,59,1,0
BRDA:434,59,2,0
BRDA:434,59,3,0
BRDA:465,60,0,0
BRDA:465,60,1,0
BRDA:465,60,2,0
BRDA:465,60,3,0
BRDA:468,61,0,0
BRDA:468,61,1,0
BRDA:476,62,0,0
BRDA:476,62,1,0
BRDA:482,63,0,0
BRDA:482,63,1,0
BRDA:513,64,0,0
BRDA:513,64,1,0
BRDA:531,65,0,0
BRDA:531,65,1,0
BRDA:557,66,0,0
BRDA:557,66,1,0
BRDA:563,67,0,0
BRDA:563,67,1,0
BRDA:564,68,0,0
BRDA:564,68,1,0
BRDA:564,69,0,0
BRDA:564,69,1,0
BRDA:571,70,0,0
BRDA:571,70,1,0
BRDA:571,71,0,0
BRDA:571,71,1,0
BRDA:576,72,0,0
BRDA:576,72,1,0
BRDA:591,73,0,0
BRDA:591,73,1,0
BRDA:591,74,0,0
BRDA:591,74,1,0
BRDA:601,75,0,0
BRDA:610,76,0,0
BRDA:612,77,0,0
BRDA:612,77,1,0
BRF:152
BRH:0
end_of_record
TN:
SF:lib/spawnManager.js
FN:15,(anonymous_0)
FN:24,(anonymous_1)
FN:34,(anonymous_2)
FN:53,(anonymous_3)
FN:61,(anonymous_4)
FN:68,(anonymous_5)
FN:74,(anonymous_6)
FN:96,(anonymous_7)
FN:113,(anonymous_8)
FN:123,(anonymous_9)
FN:141,(anonymous_10)
FN:148,(anonymous_11)
FN:158,(anonymous_12)
FN:168,(anonymous_13)
FN:190,(anonymous_14)
FN:207,(anonymous_15)
FN:221,(anonymous_16)
FN:235,(anonymous_17)
FN:274,(anonymous_18)
FN:290,(anonymous_19)
FN:301,(anonymous_20)
FN:332,(anonymous_21)
FN:367,(anonymous_22)
FN:372,(anonymous_23)
FN:383,(anonymous_24)
FN:393,(anonymous_25)
FN:398,(anonymous_26)
FN:409,(anonymous_27)
FN:447,(anonymous_28)
FN:458,(anonymous_29)
FN:482,(anonymous_30)
FN:517,(anonymous_31)
FNF:32
FNH:27
FNDA:68,(anonymous_0)
FNDA:23,(anonymous_1)
FNDA:23,(anonymous_2)
FNDA:2,(anonymous_3)
FNDA:7,(anonymous_4)
FNDA:7,(anonymous_5)
FNDA:20,(anonymous_6)
FNDA:3,(anonymous_7)
FNDA:4,(anonymous_8)
FNDA:4,(anonymous_9)
FNDA:1,(anonymous_10)
FNDA:2,(anonymous_11)
FNDA:2,(anonymous_12)
FNDA:2,(anonymous_13)
FNDA:1,(anonymous_14)
FNDA:2,(anonymous_15)
FNDA:1,(anonymous_16)
FNDA:3,(anonymous_17)
FNDA:3,(anonymous_18)
FNDA:2,(anonymous_19)
FNDA:2,(anonymous_20)
FNDA:6,(anonymous_21)
FNDA:0,(anonymous_22)
FNDA:0,(anonymous_23)
FNDA:2,(anonymous_24)
FNDA:0,(anonymous_25)
FNDA:0,(anonymous_26)
FNDA:3,(anonymous_27)
FNDA:0,(anonymous_28)
FNDA:3,(anonymous_29)
FNDA:4,(anonymous_30)
FNDA:3,(anonymous_31)
DA:6,3
DA:7,3
DA:8,3
DA:9,3
DA:11,3
DA:12,3
DA:16,68
DA:17,68
DA:18,68
DA:32,23
DA:34,23
DA:35,23
DA:36,22
DA:39,23
DA:47,23
DA:48,23
DA:52,23
DA:53,22
DA:54,2
DA:55,2
DA:60,23
DA:61,22
DA:62,7
DA:67,23
DA:68,22
DA:69,7
DA:74,23
DA:75,20
DA:76,19
DA:79,20
DA:80,19
DA:83,20
DA:84,17
DA:91,3
DA:96,23
DA:97,3
DA:98,3
DA:101,3
DA:102,3
DA:105,3
DA:121,4
DA:123,4
DA:124,4
DA:125,4
DA:128,4
DA:135,4
DA:136,4
DA:140,4
DA:141,4
DA:142,1
DA:143,1
DA:148,4
DA:149,2
DA:150,2
DA:152,2
DA:153,2
DA:158,4
DA:159,2
DA:160,2
DA:162,2
DA:163,1
DA:168,4
DA:169,2
DA:170,2
DA:173,2
DA:174,2
DA:177,2
DA:178,1
DA:185,1
DA:190,4
DA:191,1
DA:192,1
DA:195,1
DA:196,1
DA:199,1
DA:208,2
DA:209,2
DA:211,2
DA:212,2
DA:215,2
DA:222,1
DA:223,1
DA:225,1
DA:226,1
DA:229,1
DA:241,3
DA:243,3
DA:244,3
DA:247,3
DA:248,3
DA:255,2
DA:256,2
DA:259,2
DA:264,1
DA:265,1
DA:267,1
DA:275,3
DA:279,3
DA:280,3
DA:281,2
DA:283,1
DA:291,2
DA:292,1
DA:294,1
DA:302,2
DA:304,2
DA:305,2
DA:307,1
DA:308,1
DA:311,1
DA:317,1
DA:318,1
DA:321,1
DA:338,6
DA:340,6
DA:341,6
DA:343,6
DA:344,1
DA:347,6
DA:348,1
DA:351,6
DA:352,1
DA:353,5
DA:354,4
DA:356,1
DA:359,6
DA:361,6
DA:362,6
DA:365,6
DA:368,0
DA:369,0
DA:373,0
DA:374,0
DA:384,2
DA:385,2
DA:387,2
DA:388,2
DA:391,2
DA:394,0
DA:395,0
DA:399,0
DA:400,0
DA:414,3
DA:419,3
DA:420,1
DA:421,1
DA:423,1
DA:424,1
DA:427,1
DA:428,2
DA:429,1
DA:430,1
DA:432,1
DA:433,1
DA:436,1
DA:438,1
DA:441,2
DA:442,2
DA:445,2
DA:448,0
DA:449,0
DA:459,3
DA:460,3
DA:464,3
DA:465,3
DA:468,3
DA:469,3
DA:470,2
DA:472,1
DA:473,1
DA:475,1
DA:483,4
DA:494,4
DA:495,4
DA:496,1
DA:498,3
DA:499,1
DA:501,2
DA:502,2
DA:506,1
DA:507,1
DA:511,4
DA:518,3
DA:527,3
LF:184
LH:174
BRDA:15,0,0,2
BRDA:16,1,0,68
BRDA:16,1,1,2
BRDA:17,2,0,68
BRDA:17,2,1,63
BRDA:18,3,0,68
BRDA:18,3,1,64
BRDA:24,4,0,1
BRDA:24,5,0,12
BRDA:26,6,0,21
BRDA:27,7,0,22
BRDA:28,8,0,13
BRDA:29,9,0,22
BRDA:30,10,0,22
BRDA:31,11,0,22
BRDA:35,12,0,22
BRDA:35,12,1,1
BRDA:52,13,0,22
BRDA:52,13,1,1
BRDA:60,14,0,22
BRDA:60,14,1,1
BRDA:67,15,0,22
BRDA:67,15,1,1
BRDA:75,16,0,19
BRDA:75,16,1,1
BRDA:79,17,0,19
BRDA:79,17,1,1
BRDA:83,18,0,17
BRDA:83,18,1,3
BRDA:83,19,0,20
BRDA:83,19,1,5
BRDA:83,19,2,2
BRDA:91,20,0,3
BRDA:91,20,1,1
BRDA:91,20,2,1
BRDA:97,21,0,3
BRDA:97,21,1,0
BRDA:101,22,0,3
BRDA:101,22,1,0
BRDA:113,23,0,0
BRDA:113,24,0,2
BRDA:115,25,0,4
BRDA:116,26,0,4
BRDA:117,27,0,3
BRDA:118,28,0,3
BRDA:119,29,0,3
BRDA:120,30,0,4
BRDA:124,31,0,4
BRDA:124,31,1,0
BRDA:140,32,0,4
BRDA:140,32,1,0
BRDA:152,33,0,2
BRDA:152,33,1,0
BRDA:162,34,0,1
BRDA:162,34,1,1
BRDA:169,35,0,2
BRDA:169,35,1,0
BRDA:173,36,0,2
BRDA:173,36,1,0
BRDA:177,37,0,1
BRDA:177,37,1,1
BRDA:177,38,0,2
BRDA:177,38,1,1
BRDA:177,38,2,0
BRDA:185,39,0,1
BRDA:185,39,1,0
BRDA:185,39,2,0
BRDA:191,40,0,1
BRDA:191,40,1,0
BRDA:195,41,0,1
BRDA:195,41,1,0
BRDA:207,42,0,0
BRDA:207,43,0,1
BRDA:211,44,0,2
BRDA:211,44,1,0
BRDA:221,45,0,0
BRDA:221,46,0,1
BRDA:225,47,0,1
BRDA:225,47,1,0
BRDA:235,48,0,2
BRDA:237,49,0,2
BRDA:238,50,0,3
BRDA:239,51,0,2
BRDA:240,52,0,3
BRDA:243,53,0,3
BRDA:243,53,1,0
BRDA:255,54,0,2
BRDA:255,54,1,0
BRDA:264,55,0,1
BRDA:264,55,1,0
BRDA:275,56,0,1
BRDA:275,56,1,2
BRDA:291,57,0,1
BRDA:291,57,1,1
BRDA:307,58,0,1
BRDA:307,58,1,0
BRDA:317,59,0,1
BRDA:317,59,1,0
BRDA:332,60,0,2
BRDA:334,61,0,5
BRDA:335,62,0,5
BRDA:336,63,0,5
BRDA:337,64,0,5
BRDA:343,65,0,1
BRDA:343,65,1,5
BRDA:347,66,0,1
BRDA:347,66,1,5
BRDA:351,67,0,1
BRDA:351,67,1,5
BRDA:353,68,0,4
BRDA:353,68,1,1
BRDA:361,69,0,6
BRDA:361,69,1,0
BRDA:368,70,0,0
BRDA:368,70,1,0
BRDA:373,71,0,0
BRDA:373,71,1,0
BRDA:383,72,0,1
BRDA:383,73,0,2
BRDA:384,74,0,1
BRDA:384,74,1,1
BRDA:387,75,0,2
BRDA:387,75,1,0
BRDA:394,76,0,0
BRDA:394,76,1,0
BRDA:399,77,0,0
BRDA:399,77,1,0
BRDA:409,78,0,3
BRDA:411,79,0,3
BRDA:412,80,0,3
BRDA:413,81,0,3
BRDA:419,82,0,1
BRDA:419,82,1,2
BRDA:423,83,0,1
BRDA:423,83,1,0
BRDA:428,84,0,1
BRDA:428,84,1,1
BRDA:432,85,0,1
BRDA:432,85,1,0
BRDA:441,86,0,2
BRDA:441,86,1,0
BRDA:448,87,0,0
BRDA:448,87,1,0
BRDA:458,88,0,2
BRDA:459,89,0,1
BRDA:459,89,1,2
BRDA:460,90,0,1
BRDA:460,90,1,2
BRDA:464,91,0,3
BRDA:464,91,1,0
BRDA:472,92,0,1
BRDA:472,92,1,0
BRDA:495,93,0,1
BRDA:495,93,1,3
BRDA:498,94,0,1
BRDA:498,94,1,2
BRDA:501,95,0,2
BRDA:501,95,1,0
BRDA:506,96,0,1
BRDA:506,96,1,0
BRDA:517,97,0,1
BRF:161
BRH:120
end_of_record
TN:
SF:lib/telemetryManager.js
FN:13,(anonymous_0)
FN:30,(anonymous_1)
FN:53,(anonymous_2)
FN:105,(anonymous_3)
FN:142,(anonymous_4)
FN:156,(anonymous_5)
FN:172,(anonymous_6)
FN:186,(anonymous_7)
FN:200,(anonymous_8)
FN:215,(anonymous_9)
FN:234,(anonymous_10)
FN:246,(anonymous_11)
FN:262,(anonymous_12)
FN:264,(anonymous_13)
FN:265,(anonymous_14)
FN:275,(anonymous_15)
FN:288,(anonymous_16)
FN:291,(anonymous_17)
FN:303,(anonymous_18)
FN:314,(anonymous_19)
FN:328,(anonymous_20)
FN:351,(anonymous_21)
FN:367,(anonymous_22)
FN:387,(anonymous_23)
FN:395,(anonymous_24)
FN:403,(anonymous_25)
FN:412,(anonymous_26)
FN:420,(anonymous_27)
FN:435,(anonymous_28)
FN:449,(anonymous_29)
FN:470,(anonymous_30)
FNF:31
FNH:24
FNDA:19,(anonymous_0)
FNDA:10,(anonymous_1)
FNDA:2,(anonymous_2)
FNDA:12,(anonymous_3)
FNDA:1,(anonymous_4)
FNDA:0,(anonymous_5)
FNDA:0,(anonymous_6)
FNDA:0,(anonymous_7)
FNDA:1,(anonymous_8)
FNDA:21,(anonymous_9)
FNDA:4,(anonymous_10)
FNDA:4,(anonymous_11)
FNDA:0,(anonymous_12)
FNDA:0,(anonymous_13)
FNDA:0,(anonymous_14)
FNDA:0,(anonymous_15)
FNDA:2,(anonymous_16)
FNDA:1,(anonymous_17)
FNDA:20,(anonymous_18)
FNDA:1,(anonymous_19)
FNDA:10,(anonymous_20)
FNDA:11,(anonymous_21)
FNDA:3,(anonymous_22)
FNDA:11,(anonymous_23)
FNDA:19,(anonymous_24)
FNDA:11,(anonymous_25)
FNDA:12,(anonymous_26)
FNDA:22,(anonymous_27)
FNDA:11,(anonymous_28)
FNDA:1,(anonymous_29)
FNDA:18,(anonymous_30)
DA:6,1
DA:7,1
DA:8,1
DA:9,1
DA:10,1
DA:14,19
DA:15,19
DA:16,19
DA:17,19
DA:18,19
DA:19,19
DA:20,19
DA:21,19
DA:22,19
DA:23,19
DA:31,10
DA:32,10
DA:33,10
DA:35,10
DA:36,0
DA:37,0
DA:43,0
DA:44,0
DA:54,2
DA:56,2
DA:74,2
DA:75,2
DA:83,2
DA:84,2
DA:86,2
DA:87,1
DA:88,1
DA:91,2
DA:93,0
DA:94,0
DA:106,12
DA:108,11
DA:129,11
DA:132,11
DA:133,1
DA:143,1
DA:157,0
DA:173,0
DA:187,0
DA:201,1
DA:216,21
DA:217,7
DA:219,7
DA:220,7
DA:222,7
DA:223,7
DA:225,7
DA:235,4
DA:237,4
DA:246,4
DA:247,4
DA:248,4
DA:250,4
DA:262,4
DA:263,0
DA:264,0
DA:265,0
DA:266,0
DA:267,0
DA:269,0
DA:274,4
DA:275,4
DA:276,0
DA:277,0
DA:280,4
DA:281,4
DA:289,2
DA:291,2
DA:292,1
DA:293,1
DA:295,0
DA:304,20
DA:305,2
DA:306,2
DA:315,1
DA:316,1
DA:317,1
DA:318,1
DA:319,1
DA:321,1
DA:329,10
DA:331,10
DA:332,10
DA:333,1
DA:336,9
DA:338,9
DA:339,9
DA:340,8
DA:342,1
DA:352,11
DA:354,11
DA:355,11
DA:356,1
DA:357,1
DA:359,10
DA:368,3
DA:369,3
DA:375,3
DA:376,3
DA:377,3
DA:379,0
DA:388,11
DA:396,19
DA:404,11
DA:413,12
DA:421,22
DA:422,22
DA:423,22
DA:424,22
DA:425,22
DA:427,0
DA:436,11
DA:450,1
DA:453,1
DA:454,1
DA:457,1
DA:458,1
DA:461,1
DA:463,1
DA:471,18
DA:472,18
DA:476,1
LF:127
LH:107
BRDA:13,0,0,0
BRDA:15,1,0,19
BRDA:15,1,1,19
BRDA:18,2,0,19
BRDA:18,2,1,0
BRDA:19,3,0,19
BRDA:19,3,1,1
BRDA:20,4,0,19
BRDA:20,4,1,1
BRDA:21,5,0,19
BRDA:21,5,1,1
BRDA:35,6,0,0
BRDA:35,6,1,10
BRDA:35,7,0,10
BRDA:35,7,1,10
BRDA:54,8,0,0
BRDA:54,8,1,2
BRDA:86,9,0,1
BRDA:86,9,1,1
BRDA:105,10,0,8
BRDA:105,11,0,12
BRDA:106,12,0,1
BRDA:106,12,1,11
BRDA:106,13,0,12
BRDA:106,13,1,12
BRDA:132,14,0,1
BRDA:132,14,1,10
BRDA:142,15,0,0
BRDA:144,16,0,1
BRDA:144,16,1,0
BRDA:146,17,0,1
BRDA:146,17,1,0
BRDA:156,18,0,0
BRDA:158,19,0,0
BRDA:158,19,1,0
BRDA:159,20,0,0
BRDA:159,20,1,0
BRDA:160,21,0,0
BRDA:160,21,1,0
BRDA:161,22,0,0
BRDA:161,22,1,0
BRDA:162,23,0,0
BRDA:162,23,1,0
BRDA:172,24,0,0
BRDA:177,25,0,0
BRDA:177,25,1,0
BRDA:186,26,0,0
BRDA:188,27,0,0
BRDA:188,27,1,0
BRDA:191,28,0,0
BRDA:191,28,1,0
BRDA:200,29,0,0
BRDA:203,30,0,1
BRDA:203,30,1,0
BRDA:205,31,0,1
BRDA:205,31,1,0
BRDA:216,32,0,14
BRDA:216,32,1,7
BRDA:216,33,0,21
BRDA:216,33,1,7
BRDA:216,33,2,7
BRDA:217,34,0,0
BRDA:217,34,1,7
BRDA:235,35,0,0
BRDA:235,35,1,4
BRDA:252,36,0,4
BRDA:252,36,1,4
BRDA:266,37,0,0
BRDA:266,37,1,0
BRDA:266,38,0,0
BRDA:266,38,1,0
BRDA:289,39,0,0
BRDA:289,39,1,2
BRDA:304,40,0,2
BRDA:304,40,1,18
BRDA:357,41,0,1
BRDA:357,41,1,0
BRDA:450,42,0,0
BRDA:450,42,1,1
BRF:79
BRH:41
end_of_record
TN:
SF:lib/updateManager.js
FN:19,(anonymous_0)
FN:51,(anonymous_1)
FN:71,(anonymous_2)
FN:149,(anonymous_3)
FN:150,(anonymous_4)
FN:161,(anonymous_5)
FN:164,(anonymous_6)
FN:168,(anonymous_7)
FN:182,(anonymous_8)
FN:186,(anonymous_9)
FN:200,(anonymous_10)
FN:202,(anonymous_11)
FN:211,(anonymous_12)
FN:227,(anonymous_13)
FN:321,(anonymous_14)
FN:345,(anonymous_15)
FN:374,(anonymous_16)
FN:401,(anonymous_17)
FN:402,(anonymous_18)
FN:405,(anonymous_19)
FN:421,(anonymous_20)
FN:433,(anonymous_21)
FN:438,(anonymous_22)
FN:439,(anonymous_23)
FN:444,(anonymous_24)
FN:448,(anonymous_25)
FN:459,(anonymous_26)
FN:485,(anonymous_27)
FN:515,(anonymous_28)
FN:533,(anonymous_29)
FN:562,(anonymous_30)
FN:587,(anonymous_31)
FN:610,(anonymous_32)
FN:618,(anonymous_33)
FN:650,(anonymous_34)
FN:675,(anonymous_35)
FN:686,(anonymous_36)
FN:690,(anonymous_37)
FNF:38
FNH:8
FNDA:11,(anonymous_0)
FNDA:11,(anonymous_1)
FNDA:1,(anonymous_2)
FNDA:1,(anonymous_3)
FNDA:1,(anonymous_4)
FNDA:1,(anonymous_5)
FNDA:1,(anonymous_6)
FNDA:1,(anonymous_7)
FNDA:0,(anonymous_8)
FNDA:0,(anonymous_9)
FNDA:0,(anonymous_10)
FNDA:0,(anonymous_11)
FNDA:0,(anonymous_12)
FNDA:0,(anonymous_13)
FNDA:0,(anonymous_14)
FNDA:0,(anonymous_15)
FNDA:0,(anonymous_16)
FNDA:0,(anonymous_17)
FNDA:0,(anonymous_18)
FNDA:0,(anonymous_19)
FNDA:0,(anonymous_20)
FNDA:0,(anonymous_21)
FNDA:0,(anonymous_22)
FNDA:0,(anonymous_23)
FNDA:0,(anonymous_24)
FNDA:0,(anonymous_25)
FNDA:0,(anonymous_26)
FNDA:0,(anonymous_27)
FNDA:0,(anonymous_28)
FNDA:0,(anonymous_29)
FNDA:0,(anonymous_30)
FNDA:0,(anonymous_31)
FNDA:0,(anonymous_32)
FNDA:0,(anonymous_33)
FNDA:0,(anonymous_34)
FNDA:0,(anonymous_35)
FNDA:0,(anonymous_36)
FNDA:0,(anonymous_37)
DA:6,1
DA:7,1
DA:8,1
DA:9,1
DA:10,1
DA:11,1
DA:12,1
DA:13,1
DA:14,1
DA:16,1
DA:20,11
DA:21,11
DA:22,11
DA:25,11
DA:36,11
DA:52,11
DA:53,11
DA:54,11
DA:55,11
DA:56,11
DA:59,0
DA:60,0
DA:63,0
DA:72,1
DA:74,1
DA:75,0
DA:79,1
DA:80,0
DA:81,0
DA:82,0
DA:91,1
DA:92,1
DA:94,1
DA:95,1
DA:96,1
DA:99,1
DA:100,0
DA:101,0
DA:103,0
DA:104,0
DA:105,0
DA:107,0
DA:115,0
DA:116,0
DA:117,0
DA:118,0
DA:121,0
DA:122,0
DA:125,0
DA:128,1
DA:130,1
DA:131,1
DA:134,0
DA:141,1
DA:150,1
DA:151,1
DA:161,1
DA:162,1
DA:164,1
DA:165,1
DA:168,1
DA:169,1
DA:170,1
DA:171,0
DA:172,0
DA:174,1
DA:177,0
DA:182,1
DA:183,0
DA:186,1
DA:187,0
DA:188,0
DA:191,1
DA:201,0
DA:202,0
DA:212,0
DA:213,0
DA:214,0
DA:216,0
DA:217,0
DA:219,0
DA:233,0
DA:235,0
DA:236,0
DA:237,0
DA:239,0
DA:242,0
DA:243,0
DA:244,0
DA:247,0
DA:248,0
DA:249,0
DA:250,0
DA:252,0
DA:255,0
DA:256,0
DA:260,0
DA:261,0
DA:262,0
DA:263,0
DA:264,0
DA:266,0
DA:271,0
DA:272,0
DA:276,0
DA:279,0
DA:282,0
DA:285,0
DA:287,0
DA:288,0
DA:292,0
DA:293,0
DA:296,0
DA:299,0
DA:301,0
DA:302,0
DA:306,0
DA:307,0
DA:310,0
DA:313,0
DA:322,0
DA:323,0
DA:324,0
DA:325,0
DA:333,0
DA:336,0
DA:339,0
DA:346,0
DA:347,0
DA:350,0
DA:351,0
DA:354,0
DA:355,0
DA:359,0
DA:360,0
DA:362,0
DA:365,0
DA:366,0
DA:375,0
DA:376,0
DA:379,0
DA:380,0
DA:383,0
DA:384,0
DA:387,0
DA:389,0
DA:390,0
DA:393,0
DA:402,0
DA:403,0
DA:405,0
DA:406,0
DA:408,0
DA:413,0
DA:414,0
DA:415,0
DA:418,0
DA:419,0
DA:421,0
DA:422,0
DA:423,0
DA:425,0
DA:426,0
DA:427,0
DA:431,0
DA:433,0
DA:434,0
DA:435,0
DA:438,0
DA:439,0
DA:440,0
DA:444,0
DA:445,0
DA:448,0
DA:449,0
DA:450,0
DA:460,0
DA:461,0
DA:465,0
DA:466,0
DA:469,0
DA:470,0
DA:471,0
DA:476,0
DA:477,0
DA:486,0
DA:487,0
DA:491,0
DA:492,0
DA:495,0
DA:496,0
DA:499,0
DA:500,0
DA:502,0
DA:505,0
DA:506,0
DA:519,0
DA:520,0
DA:525,0
DA:535,0
DA:537,0
DA:538,0
DA:539,0
DA:541,0
DA:542,0
DA:543,0
DA:544,0
DA:545,0
DA:553,0
DA:563,0
DA:564,0
DA:567,0
DA:569,0
DA:570,0
DA:571,0
DA:572,0
DA:574,0
DA:575,0
DA:577,0
DA:578,0
DA:588,0
DA:589,0
DA:590,0
DA:591,0
DA:593,0
DA:597,0
DA:598,0
DA:601,0
DA:602,0
DA:611,0
DA:612,0
DA:613,0
DA:617,0
DA:618,0
DA:622,0
DA:623,0
DA:626,0
DA:627,0
DA:630,0
DA:631,0
DA:633,0
DA:636,0
DA:637,0
DA:641,0
DA:642,0
DA:651,0
DA:652,0
DA:656,0
DA:657,0
DA:660,0
DA:665,0
DA:668,0
DA:676,0
DA:687,0
DA:690,0
DA:691,0
DA:694,0
DA:695,0
DA:700,1
LF:259
LH:47
BRDA:19,0,0,0
BRDA:22,1,0,11
BRDA:22,1,1,11
BRDA:54,2,0,11
BRDA:54,2,1,0
BRDA:56,3,0,11
BRDA:56,3,1,0
BRDA:59,4,0,0
BRDA:59,4,1,0
BRDA:59,5,0,0
BRDA:59,5,1,0
BRDA:71,6,0,1
BRDA:72,7,0,1
BRDA:72,8,0,1
BRDA:74,9,0,0
BRDA:74,9,1,1
BRDA:79,10,0,0
BRDA:79,10,1,1
BRDA:79,11,0,1
BRDA:79,11,1,1
BRDA:81,12,0,0
BRDA:81,12,1,0
BRDA:95,13,0,1
BRDA:95,13,1,0
BRDA:95,14,0,1
BRDA:95,14,1,1
BRDA:115,15,0,0
BRDA:115,15,1,0
BRDA:115,16,0,0
BRDA:115,16,1,0
BRDA:115,16,2,0
BRDA:117,17,0,0
BRDA:117,17,1,0
BRDA:117,18,0,0
BRDA:117,18,1,0
BRDA:121,19,0,0
BRDA:121,19,1,0
BRDA:121,20,0,0
BRDA:121,20,1,0
BRDA:130,21,0,1
BRDA:130,21,1,0
BRDA:130,22,0,1
BRDA:130,22,1,1
BRDA:170,23,0,0
BRDA:170,23,1,1
BRDA:202,24,0,0
BRDA:202,24,1,0
BRDA:213,25,0,0
BRDA:213,25,1,0
BRDA:214,26,0,0
BRDA:214,26,1,0
BRDA:216,27,0,0
BRDA:216,27,1,0
BRDA:217,28,0,0
BRDA:217,28,1,0
BRDA:227,29,0,0
BRDA:229,30,0,0
BRDA:230,31,0,0
BRDA:231,32,0,0
BRDA:232,33,0,0
BRDA:235,34,0,0
BRDA:235,34,1,0
BRDA:236,35,0,0
BRDA:236,35,1,0
BRDA:248,36,0,0
BRDA:248,36,1,0
BRDA:248,37,0,0
BRDA:248,37,1,0
BRDA:249,38,0,0
BRDA:249,38,1,0
BRDA:255,39,0,0
BRDA:255,39,1,0
BRDA:260,40,0,0
BRDA:260,40,1,0
BRDA:260,41,0,0
BRDA:260,41,1,0
BRDA:262,42,0,0
BRDA:262,42,1,0
BRDA:263,43,0,0
BRDA:263,43,1,0
BRDA:271,44,0,0
BRDA:271,44,1,0
BRDA:287,45,0,0
BRDA:287,45,1,0
BRDA:292,46,0,0
BRDA:292,46,1,0
BRDA:301,47,0,0
BRDA:301,47,1,0
BRDA:306,48,0,0
BRDA:306,48,1,0
BRDA:322,49,0,0
BRDA:322,49,1,0
BRDA:346,50,0,0
BRDA:346,50,1,0
BRDA:354,51,0,0
BRDA:354,51,1,0
BRDA:359,52,0,0
BRDA:359,52,1,0
BRDA:359,53,0,0
BRDA:359,53,1,0
BRDA:365,54,0,0
BRDA:365,54,1,0
BRDA:365,55,0,0
BRDA:365,55,1,0
BRDA:375,56,0,0
BRDA:375,56,1,0
BRDA:383,57,0,0
BRDA:383,57,1,0
BRDA:389,58,0,0
BRDA:389,58,1,0
BRDA:389,59,0,0
BRDA:389,59,1,0
BRDA:406,60,0,0
BRDA:406,60,1,0
BRDA:406,61,0,0
BRDA:406,61,1,0
BRDA:413,62,0,0
BRDA:413,62,1,0
BRDA:423,63,0,0
BRDA:423,63,1,0
BRDA:425,64,0,0
BRDA:425,64,1,0
BRDA:425,65,0,0
BRDA:425,65,1,0
BRDA:425,65,2,0
BRDA:460,66,0,0
BRDA:460,66,1,0
BRDA:465,67,0,0
BRDA:465,67,1,0
BRDA:470,68,0,0
BRDA:470,68,1,0
BRDA:476,69,0,0
BRDA:476,69,1,0
BRDA:476,70,0,0
BRDA:476,70,1,0
BRDA:486,71,0,0
BRDA:486,71,1,0
BRDA:499,72,0,0
BRDA:499,72,1,0
BRDA:499,73,0,0
BRDA:499,73,1,0
BRDA:505,74,0,0
BRDA:505,74,1,0
BRDA:505,75,0,0
BRDA:505,75,1,0
BRDA:519,76,0,0
BRDA:519,76,1,0
BRDA:541,77,0,0
BRDA:541,77,1,0
BRDA:544,78,0,0
BRDA:544,78,1,0
BRDA:562,79,0,0
BRDA:563,80,0,0
BRDA:563,80,1,0
BRDA:574,81,0,0
BRDA:574,81,1,0
BRDA:577,82,0,0
BRDA:577,82,1,0
BRDA:577,83,0,0
BRDA:577,83,1,0
BRDA:589,84,0,0
BRDA:589,84,1,0
BRDA:590,85,0,0
BRDA:590,85,1,0
BRDA:590,86,0,0
BRDA:590,86,1,0
BRDA:597,87,0,0
BRDA:597,87,1,0
BRDA:597,88,0,0
BRDA:597,88,1,0
BRDA:601,89,0,0
BRDA:601,89,1,0
BRDA:612,90,0,0
BRDA:612,90,1,0
BRDA:622,91,0,0
BRDA:622,91,1,0
BRDA:630,92,0,0
BRDA:630,92,1,0
BRDA:630,93,0,0
BRDA:630,93,1,0
BRDA:636,94,0,0
BRDA:636,94,1,0
BRDA:641,95,0,0
BRDA:641,95,1,0
BRDA:651,96,0,0
BRDA:651,96,1,0
BRDA:686,97,0,0
BRDA:694,98,0,0
BRDA:694,98,1,0
BRDA:694,99,0,0
BRDA:694,99,1,0
BRF:191
BRH:18
end_of_record
